Source      : C:\Users\I R 02\Documents\iX Developer 2 Projects\Project2\Database.sdf
Destination : n/a
Verifying - verMajor: 3, verMinor: 5, verBuild: 8080, verPoint: 0
Time - 2015-22-05 08:32:51.966

Source      : C:\Users\I R 02\Documents\iX Developer 2 Projects\Project2\Database.sdf
Destination : n/a
Verifying - verMajor: 3, verMinor: 5, verBuild: 8080, verPoint: 0
Time - 2015-22-05 11:11:50.370

Source      : C:\Users\I R 02\Documents\iX Developer 2 Projects\Project2\Database.sdf
Destination : n/a
Verifying - verMajor: 3, verMinor: 5, verBuild: 8080, verPoint: 0
Time - 2015-26-05 12:35:13.787

Source      : C:\Users\I R 02\Documents\iX Developer 2 Projects\Project2\Database.sdf
Destination : n/a
Verifying - verMajor: 3, verMinor: 5, verBuild: 8080, verPoint: 0
Time - 2015-26-05 13:04:47.639

Source      : C:\Users\I R 02\Documents\iX Developer 2 Projects\Project2\Database.sdf
Destination : n/a
Verifying - verMajor: 3, verMinor: 5, verBuild: 8080, verPoint: 0
Time - 2015-27-05 07:05:38.074

Source      : C:\Users\I R 02\Documents\iX Developer 2 Projects\Project2\Database.sdf
Destination : n/a
Verifying - verMajor: 3, verMinor: 5, verBuild: 8080, verPoint: 0
Time - 2015-09-06 07:31:50.379

Source      : C:\Users\I R 02\Documents\iX Developer 2 Projects\Project2\Database.sdf
Destination : n/a
Verifying - verMajor: 3, verMinor: 5, verBuild: 8080, verPoint: 0
Time - 2015-09-06 10:31:51.428

Source      : C:\Users\I R 02\Documents\iX Developer 2 Projects\Project2\Database.sdf
Destination : n/a
Verifying - verMajor: 3, verMinor: 5, verBuild: 8080, verPoint: 0
Time - 2015-09-06 11:20:20.185

Source      : C:\Users\I R 02\Documents\iX Developer 2 Projects\Project2\Database.sdf
Destination : n/a
Verifying - verMajor: 3, verMinor: 5, verBuild: 8080, verPoint: 0
Time - 2015-09-06 13:10:14.139

Source      : C:\Users\I R 02\Documents\iX Developer 2 Projects\Project2\Database.sdf
Destination : n/a
Verifying - verMajor: 3, verMinor: 5, verBuild: 8080, verPoint: 0
Time - 2015-09-06 13:18:34.683

Source      : C:\Users\I R 02\Documents\iX Developer 2 Projects\Project2\Database.sdf
Destination : n/a
Verifying - verMajor: 3, verMinor: 5, verBuild: 8080, verPoint: 0
Time - 2015-09-06 13:44:15.783

Source      : C:\Users\I R 02\Documents\iX Developer 2 Projects\Project2\Database.sdf
Destination : n/a
Verifying - verMajor: 3, verMinor: 5, verBuild: 8080, verPoint: 0
Time - 2015-09-06 14:51:31.055

Source      : C:\Users\I R 02\Documents\iX Developer 2 Projects\Project2\Database.sdf
Destination : n/a
Verifying - verMajor: 3, verMinor: 5, verBuild: 8080, verPoint: 0
Time - 2015-09-06 15:09:10.420

Source      : C:\Users\I R 02\Documents\iX Developer 2 Projects\Project2\Database.sdf
Destination : n/a
Verifying - verMajor: 3, verMinor: 5, verBuild: 8080, verPoint: 0
Time - 2015-09-06 15:27:29.626

Source      : C:\Users\I R 02\Documents\iX Developer 2 Projects\Project2\Database.sdf
Destination : n/a
Verifying - verMajor: 3, verMinor: 5, verBuild: 8080, verPoint: 0
Time - 2015-10-06 07:00:41.747

Source      : C:\Users\I R 02\Documents\iX Developer 2 Projects\Project2\Database.sdf
Destination : n/a
Verifying - verMajor: 3, verMinor: 5, verBuild: 8080, verPoint: 0
Time - 2015-10-06 10:58:13.843

Source      : C:\Users\I R 02\Documents\iX Developer 2 Projects\Project2\Database.sdf
Destination : n/a
Verifying - verMajor: 3, verMinor: 5, verBuild: 8080, verPoint: 0
Time - 2015-10-06 11:55:12.723

Source      : C:\Users\I R 02\Documents\iX Developer 2 Projects\Project2\Database.sdf
Destination : n/a
Verifying - verMajor: 3, verMinor: 5, verBuild: 8080, verPoint: 0
Time - 2015-10-06 13:36:38.100

Source      : C:\Users\I R 02\Documents\iX Developer 2 Projects\Project2\Database.sdf
Destination : n/a
Verifying - verMajor: 3, verMinor: 5, verBuild: 8080, verPoint: 0
Time - 2015-10-06 14:03:37.247

Source      : C:\Users\I R 02\Documents\iX Developer 2 Projects\Project2\Database.sdf
Destination : n/a
Verifying - verMajor: 3, verMinor: 5, verBuild: 8080, verPoint: 0
Time - 2015-11-06 07:30:10.400

Source      : C:\Users\I R 02\Documents\iX Developer 2 Projects\Project2\Database.sdf
Destination : n/a
Verifying - verMajor: 3, verMinor: 5, verBuild: 8080, verPoint: 0
Time - 2015-11-06 09:03:26.712

Source      : C:\Users\I R 02\Documents\iX Developer 2 Projects\Project2\Database.sdf
Destination : n/a
Verifying - verMajor: 3, verMinor: 5, verBuild: 8080, verPoint: 0
Time - 2015-11-06 12:17:01.194

Source      : C:\Users\I R 02\Documents\iX Developer 2 Projects\Project2\Database.sdf
Destination : n/a
Verifying - verMajor: 3, verMinor: 5, verBuild: 8080, verPoint: 0
Time - 2015-11-06 12:48:42.243

Source      : C:\Users\I R 02\Documents\iX Developer 2 Projects\Project2\Database.sdf
Destination : n/a
Verifying - verMajor: 3, verMinor: 5, verBuild: 8080, verPoint: 0
Time - 2015-11-06 14:55:32.745

Source      : C:\Users\I R 02\Documents\iX Developer 2 Projects\Project2\Database.sdf
Destination : n/a
Verifying - verMajor: 3, verMinor: 5, verBuild: 8080, verPoint: 0
Time - 2015-12-06 07:47:15.319

Source      : C:\Users\I R 02\Documents\iX Developer 2 Projects\Project2\Database.sdf
Destination : n/a
Verifying - verMajor: 3, verMinor: 5, verBuild: 8080, verPoint: 0
Time - 2015-12-06 08:47:52.984

Source      : C:\Users\I R 02\Documents\iX Developer 2 Projects\Project2\Database.sdf
Destination : n/a
Verifying - verMajor: 3, verMinor: 5, verBuild: 8080, verPoint: 0
Time - 2015-12-06 09:24:16.322

Source      : C:\Users\I R 02\Documents\iX Developer 2 Projects\Project2\Database.sdf
Destination : n/a
Verifying - verMajor: 3, verMinor: 5, verBuild: 8080, verPoint: 0
Time - 2015-12-06 09:41:59.388

Source      : C:\Users\I R 02\Documents\iX Developer 2 Projects\Project2\Database.sdf
Destination : n/a
Verifying - verMajor: 3, verMinor: 5, verBuild: 8080, verPoint: 0
Time - 2015-12-06 09:51:52.748

Source      : C:\Users\I R 02\Documents\iX Developer 2 Projects\Project1402\Database.sdf
Destination : n/a
Verifying - verMajor: 3, verMinor: 5, verBuild: 8080, verPoint: 0
Time - 2015-12-06 10:10:00.526

Source      : C:\Users\I R 02\Documents\iX Developer 2 Projects\Project1402\Database.sdf
Destination : n/a
Verifying - verMajor: 3, verMinor: 5, verBuild: 8080, verPoint: 0
Time - 2015-12-06 10:22:15.372

Source      : C:\Users\I R 02\Documents\iX Developer 2 Projects\Project1402\Database.sdf
Destination : n/a
Verifying - verMajor: 3, verMinor: 5, verBuild: 8080, verPoint: 0
Time - 2015-12-06 10:29:21.149

Source      : C:\Users\I R 02\Documents\iX Developer 2 Projects\Project1402\Database.sdf
Destination : n/a
Verifying - verMajor: 3, verMinor: 5, verBuild: 8080, verPoint: 0
Time - 2015-15-06 07:54:47.892

Source      : C:\Users\I R 02\Documents\iX Developer 2 Projects\Project1402\Database.sdf
Destination : n/a
Verifying - verMajor: 3, verMinor: 5, verBuild: 8080, verPoint: 0
Time - 2015-15-06 10:25:52.734

Source      : C:\Users\I R 02\Documents\iX Developer 2 Projects\Project1402\Database.sdf
Destination : n/a
Verifying - verMajor: 3, verMinor: 5, verBuild: 8080, verPoint: 0
Time - 2015-15-06 10:53:34.994

Source      : C:\Users\I R 02\Documents\iX Developer 2 Projects\Project1402\Database.sdf
Destination : n/a
Verifying - verMajor: 3, verMinor: 5, verBuild: 8080, verPoint: 0
Time - 2015-15-06 11:17:20.663

Source      : C:\Users\I R 02\Documents\iX Developer 2 Projects\Project1402\Database.sdf
Destination : n/a
Verifying - verMajor: 3, verMinor: 5, verBuild: 8080, verPoint: 0
Time - 2015-15-06 14:41:12.825

Source      : C:\Users\I R 02\Documents\iX Developer 2 Projects\Project1402\Database.sdf
Destination : n/a
Verifying - verMajor: 3, verMinor: 5, verBuild: 8080, verPoint: 0
Time - 2015-15-06 15:47:03.339

Source      : C:\Users\I R 02\Documents\iX Developer 2 Projects\Project1402\Database.sdf
Destination : n/a
Verifying - verMajor: 3, verMinor: 5, verBuild: 8080, verPoint: 0
Time - 2015-16-06 07:25:09.491

Source      : C:\Users\I R 02\Documents\iX Developer 2 Projects\Project1402\Database.sdf
Destination : n/a
Verifying - verMajor: 3, verMinor: 5, verBuild: 8080, verPoint: 0
Time - 2015-16-06 09:12:14.956

Source      : C:\Users\I R 02\Documents\iX Developer 2 Projects\Project1402\Database.sdf
Destination : n/a
Verifying - verMajor: 3, verMinor: 5, verBuild: 8080, verPoint: 0
Time - 2015-17-06 09:22:59.936

Source      : C:\Users\I R 02\Documents\iX Developer 2 Projects\Project1402\Database.sdf
Destination : n/a
Verifying - verMajor: 3, verMinor: 5, verBuild: 8080, verPoint: 0
Time - 2015-17-06 09:29:17.754

Source      : C:\Users\I R 02\Documents\iX Developer 2 Projects\Project1402\Database.sdf
Destination : n/a
Verifying - verMajor: 3, verMinor: 5, verBuild: 8080, verPoint: 0
Time - 2015-17-06 10:06:49.996

Source      : C:\Users\I R 02\Documents\iX Developer 2 Projects\Project1402\Database.sdf
Destination : n/a
Verifying - verMajor: 3, verMinor: 5, verBuild: 8080, verPoint: 0
Time - 2015-17-06 10:13:47.106

Source      : C:\Users\I R 02\Documents\iX Developer 2 Projects\Project1402\Database.sdf
Destination : n/a
Verifying - verMajor: 3, verMinor: 5, verBuild: 8080, verPoint: 0
Time - 2015-17-06 12:29:57.641

Source      : C:\Users\I R 02\Documents\iX Developer 2 Projects\Project1402\Database.sdf
Destination : n/a
Verifying - verMajor: 3, verMinor: 5, verBuild: 8080, verPoint: 0
Time - 2015-17-06 12:45:50.407

Source      : C:\Users\I R 02\Documents\iX Developer 2 Projects\Project1402\Database.sdf
Destination : n/a
Verifying - verMajor: 3, verMinor: 5, verBuild: 8080, verPoint: 0
Time - 2015-17-06 15:28:04.925

Source      : C:\Users\I R 02\Documents\iX Developer 2 Projects\Project1402\Database.sdf
Destination : n/a
Verifying - verMajor: 3, verMinor: 5, verBuild: 8080, verPoint: 0
Time - 2015-18-06 07:00:45.957

Source      : C:\Users\I R 02\Documents\iX Developer 2 Projects\Project1402\Database.sdf
Destination : n/a
Verifying - verMajor: 3, verMinor: 5, verBuild: 8080, verPoint: 0
Time - 2015-18-06 09:39:42.301

Source      : C:\Users\I R 02\Documents\iX Developer 2 Projects\Project1402\Database.sdf
Destination : n/a
Verifying - verMajor: 3, verMinor: 5, verBuild: 8080, verPoint: 0
Time - 2015-18-06 09:50:31.614

Source      : C:\Users\I R 02\Documents\iX Developer 2 Projects\Project1402\Database.sdf
Destination : n/a
Verifying - verMajor: 3, verMinor: 5, verBuild: 8080, verPoint: 0
Time - 2015-18-06 10:41:50.319

Source      : C:\Users\I R 02\Documents\iX Developer 2 Projects\Project1402\Database.sdf
Destination : n/a
Verifying - verMajor: 3, verMinor: 5, verBuild: 8080, verPoint: 0
Time - 2015-18-06 10:50:44.772

Source      : C:\Users\I R 02\Documents\iX Developer 2 Projects\Project1402\Database.sdf
Destination : n/a
Verifying - verMajor: 3, verMinor: 5, verBuild: 8080, verPoint: 0
Time - 2015-18-06 11:08:28.344

Source      : C:\Users\I R 02\Documents\iX Developer 2 Projects\Project1402\Database.sdf
Destination : n/a
Verifying - verMajor: 3, verMinor: 5, verBuild: 8080, verPoint: 0
Time - 2015-18-06 12:32:22.798

Source      : C:\Users\I R 02\Documents\iX Developer 2 Projects\Project1402\Database.sdf
Destination : n/a
Verifying - verMajor: 3, verMinor: 5, verBuild: 8080, verPoint: 0
Time - 2015-18-06 12:58:57.884

Source      : C:\Users\I R 02\Documents\iX Developer 2 Projects\Project1402\Database.sdf
Destination : n/a
Verifying - verMajor: 3, verMinor: 5, verBuild: 8080, verPoint: 0
Time - 2015-18-06 13:32:47.032

Source      : C:\Users\I R 02\Documents\iX Developer 2 Projects\Project1402\Database.sdf
Destination : n/a
Verifying - verMajor: 3, verMinor: 5, verBuild: 8080, verPoint: 0
Time - 2015-18-06 13:54:55.647

Source      : C:\Users\I R 02\Documents\iX Developer 2 Projects\Project1402\Database.sdf
Destination : n/a
Verifying - verMajor: 3, verMinor: 5, verBuild: 8080, verPoint: 0
Time - 2015-18-06 14:45:09.478

Source      : C:\Users\I R 02\Documents\iX Developer 2 Projects\Project1402\Database.sdf
Destination : n/a
Verifying - verMajor: 3, verMinor: 5, verBuild: 8080, verPoint: 0
Time - 2015-18-06 15:14:07.629

Source      : C:\Users\I R 02\Documents\iX Developer 2 Projects\Project1402\Database.sdf
Destination : n/a
Verifying - verMajor: 3, verMinor: 5, verBuild: 8080, verPoint: 0
Time - 2015-19-06 07:03:05.517

Source      : C:\Users\I R 02\Documents\iX Developer 2 Projects\Project1402\Database.sdf
Destination : n/a
Verifying - verMajor: 3, verMinor: 5, verBuild: 8080, verPoint: 0
Time - 2015-22-06 07:16:30.911

Source      : C:\Users\I R 02\Documents\iX Developer 2 Projects\Project1402\Database.sdf
Destination : n/a
Verifying - verMajor: 3, verMinor: 5, verBuild: 8080, verPoint: 0
Time - 2015-22-06 11:24:24.962

Source      : C:\Users\I R 02\Documents\iX Developer 2 Projects\Project1402\Database.sdf
Destination : n/a
Verifying - verMajor: 3, verMinor: 5, verBuild: 8080, verPoint: 0
Time - 2015-22-06 12:11:32.481

Source      : C:\Users\I R 02\Documents\iX Developer 2 Projects\Project1402\Database.sdf
Destination : n/a
Verifying - verMajor: 3, verMinor: 5, verBuild: 8080, verPoint: 0
Time - 2015-22-06 12:29:10.291

Source      : C:\Users\I R 02\Documents\iX Developer 2 Projects\Project1402\Database.sdf
Destination : n/a
Verifying - verMajor: 3, verMinor: 5, verBuild: 8080, verPoint: 0
Time - 2015-22-06 13:03:13.489

Source      : C:\Users\I R 02\Documents\iX Developer 2 Projects\Project1402\Database.sdf
Destination : n/a
Verifying - verMajor: 3, verMinor: 5, verBuild: 8080, verPoint: 0
Time - 2015-22-06 13:25:08.516

Source      : C:\Users\I R 02\Documents\iX Developer 2 Projects\Project1402\Database.sdf
Destination : n/a
Verifying - verMajor: 3, verMinor: 5, verBuild: 8080, verPoint: 0
Time - 2015-22-06 13:49:41.996

Source      : C:\Users\I R 02\Documents\iX Developer 2 Projects\Project1402\Database.sdf
Destination : n/a
Verifying - verMajor: 3, verMinor: 5, verBuild: 8080, verPoint: 0
Time - 2015-22-06 14:00:29.698

Source      : C:\Users\I R 02\Documents\iX Developer 2 Projects\Project1402\Database.sdf
Destination : n/a
Verifying - verMajor: 3, verMinor: 5, verBuild: 8080, verPoint: 0
Time - 2015-22-06 14:28:52.271

Source      : C:\Users\I R 02\Documents\iX Developer 2 Projects\Project1402\Database.sdf
Destination : n/a
Verifying - verMajor: 3, verMinor: 5, verBuild: 8080, verPoint: 0
Time - 2015-22-06 14:42:52.016

Source      : C:\Users\I R 02\Documents\iX Developer 2 Projects\Project1402\Database.sdf
Destination : n/a
Verifying - verMajor: 3, verMinor: 5, verBuild: 8080, verPoint: 0
Time - 2015-23-06 07:03:15.680

Source      : C:\Users\I R 02\Documents\iX Developer 2 Projects\Project1402\Database.sdf
Destination : n/a
Verifying - verMajor: 3, verMinor: 5, verBuild: 8080, verPoint: 0
Time - 2015-23-06 09:55:34.674

Source      : C:\Users\I R 02\Documents\iX Developer 2 Projects\Project1402\Database.sdf
Destination : n/a
Verifying - verMajor: 3, verMinor: 5, verBuild: 8080, verPoint: 0
Time - 2015-23-06 10:29:28.244

Source      : C:\Users\I R 02\Documents\iX Developer 2 Projects\Project1402\Database.sdf
Destination : n/a
Verifying - verMajor: 3, verMinor: 5, verBuild: 8080, verPoint: 0
Time - 2015-24-06 13:46:06.067

Source      : C:\Users\I R 02\Documents\iX Developer 2 Projects\Project1402\Database.sdf
Destination : n/a
Verifying - verMajor: 3, verMinor: 5, verBuild: 8080, verPoint: 0
Time - 2015-24-06 14:11:19.792

Source      : C:\Users\I R 02\Documents\iX Developer 2 Projects\Project1402\Database.sdf
Destination : n/a
Verifying - verMajor: 3, verMinor: 5, verBuild: 8080, verPoint: 0
Time - 2015-24-06 14:28:42.769

Source      : C:\Users\I R 02\Documents\iX Developer 2 Projects\Project1402\Database.sdf
Destination : n/a
Verifying - verMajor: 3, verMinor: 5, verBuild: 8080, verPoint: 0
Time - 2015-24-06 14:40:01.035

Source      : C:\Users\I R 02\Documents\iX Developer 2 Projects\Project1402\Database.sdf
Destination : n/a
Verifying - verMajor: 3, verMinor: 5, verBuild: 8080, verPoint: 0
Time - 2015-24-06 14:48:11.162

Source      : C:\Users\I R 02\Documents\iX Developer 2 Projects\Project1402\Database.sdf
Destination : n/a
Verifying - verMajor: 3, verMinor: 5, verBuild: 8080, verPoint: 0
Time - 2015-24-06 14:58:25.615

Source      : C:\Users\I R 02\Documents\iX Developer 2 Projects\Project1402\Database.sdf
Destination : n/a
Verifying - verMajor: 3, verMinor: 5, verBuild: 8080, verPoint: 0
Time - 2015-25-06 07:11:50.265

Source      : C:\Users\I R 02\Documents\iX Developer 2 Projects\Project1402\Database.sdf
Destination : n/a
Verifying - verMajor: 3, verMinor: 5, verBuild: 8080, verPoint: 0
Time - 2015-25-06 07:50:33.870

Source      : C:\Users\I R 02\Documents\iX Developer 2 Projects\Project1402\Database.sdf
Destination : n/a
Verifying - verMajor: 3, verMinor: 5, verBuild: 8080, verPoint: 0
Time - 2015-25-06 07:56:48.065

Source      : C:\Users\I R 02\Documents\iX Developer 2 Projects\Project1402\Database.sdf
Destination : n/a
Verifying - verMajor: 3, verMinor: 5, verBuild: 8080, verPoint: 0
Time - 2015-25-06 09:26:18.630

Source      : C:\Users\I R 02\Documents\iX Developer 2 Projects\Project1402\Database.sdf
Destination : n/a
Verifying - verMajor: 3, verMinor: 5, verBuild: 8080, verPoint: 0
Time - 2015-25-06 09:58:27.071

Source      : C:\Users\I R 02\Documents\iX Developer 2 Projects\Project1402\Database.sdf
Destination : n/a
Verifying - verMajor: 3, verMinor: 5, verBuild: 8080, verPoint: 0
Time - 2015-25-06 10:42:27.145

Source      : C:\Users\I R 02\Documents\iX Developer 2 Projects\Project1402\Database.sdf
Destination : n/a
Verifying - verMajor: 3, verMinor: 5, verBuild: 8080, verPoint: 0
Time - 2015-25-06 10:53:07.590

Source      : C:\Users\I R 02\Documents\iX Developer 2 Projects\Project1402\Database.sdf
Destination : n/a
Verifying - verMajor: 3, verMinor: 5, verBuild: 8080, verPoint: 0
Time - 2015-25-06 10:58:51.563

Source      : C:\Users\I R 02\Documents\iX Developer 2 Projects\Project1402\Database.sdf
Destination : n/a
Verifying - verMajor: 3, verMinor: 5, verBuild: 8080, verPoint: 0
Time - 2015-25-06 11:16:39.318

Source      : C:\Users\I R 02\Documents\iX Developer 2 Projects\Project1402\Database.sdf
Destination : n/a
Verifying - verMajor: 3, verMinor: 5, verBuild: 8080, verPoint: 0
Time - 2015-25-06 12:07:50.156

Source      : C:\Users\I R 02\Documents\iX Developer 2 Projects\Project1402\Database.sdf
Destination : n/a
Verifying - verMajor: 3, verMinor: 5, verBuild: 8080, verPoint: 0
Time - 2015-25-06 12:17:43.566

Source      : C:\Users\I R 02\Documents\iX Developer 2 Projects\Project1402\Database.sdf
Destination : n/a
Verifying - verMajor: 3, verMinor: 5, verBuild: 8080, verPoint: 0
Time - 2015-25-06 12:31:56.093

Source      : C:\Users\I R 02\Documents\iX Developer 2 Projects\Project1402\Database.sdf
Destination : n/a
Verifying - verMajor: 3, verMinor: 5, verBuild: 8080, verPoint: 0
Time - 2015-25-06 13:17:57.087

Source      : C:\Users\I R 02\Documents\iX Developer 2 Projects\Project1402\Database.sdf
Destination : n/a
Verifying - verMajor: 3, verMinor: 5, verBuild: 8080, verPoint: 0
Time - 2015-25-06 14:32:47.598

Source      : C:\Users\I R 02\Documents\iX Developer 2 Projects\Project1402\Database.sdf
Destination : n/a
Verifying - verMajor: 3, verMinor: 5, verBuild: 8080, verPoint: 0
Time - 2015-26-06 15:10:03.156

Source      : C:\Users\I R 02\Documents\iX Developer 2 Projects\Project1402\Database.sdf
Destination : n/a
Verifying - verMajor: 3, verMinor: 5, verBuild: 8080, verPoint: 0
Time - 2015-29-06 07:19:46.872

Source      : C:\Users\I R 02\Documents\iX Developer 2 Projects\Project1402\Database.sdf
Destination : n/a
Verifying - verMajor: 3, verMinor: 5, verBuild: 8080, verPoint: 0
Time - 2015-29-06 07:29:45.158

Source      : C:\Users\I R 02\Documents\iX Developer 2 Projects\Project1402\Database.sdf
Destination : n/a
Verifying - verMajor: 3, verMinor: 5, verBuild: 8080, verPoint: 0
Time - 2015-29-06 07:31:29.426

Source      : C:\Users\I R 02\Documents\iX Developer 2 Projects\Project1402\Database.sdf
Destination : n/a
Verifying - verMajor: 3, verMinor: 5, verBuild: 8080, verPoint: 0
Time - 2015-29-06 07:34:13.281

Source      : C:\Users\I R 02\Documents\iX Developer 2 Projects\Project1402\Database.sdf
Destination : n/a
Verifying - verMajor: 3, verMinor: 5, verBuild: 8080, verPoint: 0
Time - 2015-29-06 07:35:37.063

Source      : C:\Users\I R 02\Documents\iX Developer 2 Projects\Project1402\Database.sdf
Destination : n/a
Verifying - verMajor: 3, verMinor: 5, verBuild: 8080, verPoint: 0
Time - 2015-29-06 07:36:33.120

Source      : C:\Users\I R 02\Documents\iX Developer 2 Projects\Project1402\Database.sdf
Destination : n/a
Verifying - verMajor: 3, verMinor: 5, verBuild: 8080, verPoint: 0
Time - 2015-29-06 08:52:42.325

Source      : C:\Users\I R 02\Documents\iX Developer 2 Projects\Project1402\Database.sdf
Destination : n/a
Verifying - verMajor: 3, verMinor: 5, verBuild: 8080, verPoint: 0
Time - 2015-29-06 08:56:26.589

Source      : C:\Users\I R 02\Documents\iX Developer 2 Projects\Project1402\Database.sdf
Destination : n/a
Verifying - verMajor: 3, verMinor: 5, verBuild: 8080, verPoint: 0
Time - 2015-29-06 10:13:11.546

Source      : C:\Users\I R 02\Documents\iX Developer 2 Projects\Project1402\Database.sdf
Destination : n/a
Verifying - verMajor: 3, verMinor: 5, verBuild: 8080, verPoint: 0
Time - 2015-29-06 13:17:52.516

Source      : C:\Users\I R 02\Documents\iX Developer 2 Projects\Project1402\Database.sdf
Destination : n/a
Verifying - verMajor: 3, verMinor: 5, verBuild: 8080, verPoint: 0
Time - 2015-29-06 13:36:26.412

Source      : C:\Users\I R 02\Documents\iX Developer 2 Projects\Project1402\Database.sdf
Destination : n/a
Verifying - verMajor: 3, verMinor: 5, verBuild: 8080, verPoint: 0
Time - 2015-29-06 14:24:36.276

Source      : C:\Users\I R 02\Documents\iX Developer 2 Projects\Project1402\Database.sdf
Destination : n/a
Verifying - verMajor: 3, verMinor: 5, verBuild: 8080, verPoint: 0
Time - 2015-30-06 07:05:19.081

Source      : C:\Users\I R 02\Documents\iX Developer 2 Projects\Project1402\Database.sdf
Destination : n/a
Verifying - verMajor: 3, verMinor: 5, verBuild: 8080, verPoint: 0
Time - 2015-30-06 08:29:21.925

Source      : C:\Users\I R 02\Documents\iX Developer 2 Projects\Project1402\Database.sdf
Destination : n/a
Verifying - verMajor: 3, verMinor: 5, verBuild: 8080, verPoint: 0
Time - 2015-30-06 08:51:29.885

Source      : C:\Users\I R 02\Documents\iX Developer 2 Projects\Project1402\Database.sdf
Destination : n/a
Verifying - verMajor: 3, verMinor: 5, verBuild: 8080, verPoint: 0
Time - 2015-30-06 09:08:42.549

Source      : C:\Users\I R 02\Documents\iX Developer 2 Projects\Project1402\Database.sdf
Destination : n/a
Verifying - verMajor: 3, verMinor: 5, verBuild: 8080, verPoint: 0
Time - 2015-30-06 10:58:23.439

Source      : C:\Users\I R 02\Documents\iX Developer 2 Projects\Project1402\Database.sdf
Destination : n/a
Verifying - verMajor: 3, verMinor: 5, verBuild: 8080, verPoint: 0
Time - 2015-30-06 12:30:42.559

Source      : C:\Users\I R 02\Documents\iX Developer 2 Projects\Project1402\Database.sdf
Destination : n/a
Verifying - verMajor: 3, verMinor: 5, verBuild: 8080, verPoint: 0
Time - 2015-30-06 12:44:40.635

Source      : C:\Users\I R 02\Documents\iX Developer 2 Projects\Project1402\Database.sdf
Destination : n/a
Verifying - verMajor: 3, verMinor: 5, verBuild: 8080, verPoint: 0
Time - 2015-01-07 10:53:56.337

Source      : C:\Users\I R 02\Documents\iX Developer 2 Projects\Project1402\Database.sdf
Destination : n/a
Verifying - verMajor: 3, verMinor: 5, verBuild: 8080, verPoint: 0
Time - 2015-01-07 12:39:45.013

Source      : C:\Users\I R 02\Documents\iX Developer 2 Projects\Project1402\Database.sdf
Destination : n/a
Verifying - verMajor: 3, verMinor: 5, verBuild: 8080, verPoint: 0
Time - 2015-01-07 14:30:06.580

Source      : C:\Users\I R 02\Documents\iX Developer 2 Projects\Project1402\Database.sdf
Destination : n/a
Verifying - verMajor: 3, verMinor: 5, verBuild: 8080, verPoint: 0
Time - 2015-01-07 14:54:52.172

Source      : C:\Users\I R 02\Documents\iX Developer 2 Projects\Project1402\Database.sdf
Destination : n/a
Verifying - verMajor: 3, verMinor: 5, verBuild: 8080, verPoint: 0
Time - 2015-02-07 07:08:35.173

Source      : C:\Users\I R 02\Documents\iX Developer 2 Projects\Project1402\Database.sdf
Destination : n/a
Verifying - verMajor: 3, verMinor: 5, verBuild: 8080, verPoint: 0
Time - 2015-02-07 13:37:28.781

Source      : C:\Users\I R 02\Documents\iX Developer 2 Projects\Project1402\Database.sdf
Destination : n/a
Verifying - verMajor: 3, verMinor: 5, verBuild: 8080, verPoint: 0
Time - 2015-02-07 13:47:50.491

Source      : C:\Users\I R 02\Documents\iX Developer 2 Projects\Project1402\Database.sdf
Destination : n/a
Verifying - verMajor: 3, verMinor: 5, verBuild: 8080, verPoint: 0
Time - 2015-02-07 14:05:16.094

Source      : C:\Users\I R 02\Documents\iX Developer 2 Projects\Project1402\Database.sdf
Destination : n/a
Verifying - verMajor: 3, verMinor: 5, verBuild: 8080, verPoint: 0
Time - 2015-06-07 07:15:28.406

Source      : C:\Users\I R 02\Documents\iX Developer 2 Projects\Project1402\Database.sdf
Destination : n/a
Verifying - verMajor: 3, verMinor: 5, verBuild: 8080, verPoint: 0
Time - 2015-06-07 09:24:43.051

Source      : C:\Users\I R 02\Documents\iX Developer 2 Projects\Project1402\Database.sdf
Destination : n/a
Verifying - verMajor: 3, verMinor: 5, verBuild: 8080, verPoint: 0
Time - 2015-06-07 13:26:41.277

Source      : C:\Users\I R 02\Documents\iX Developer 2 Projects\Project1402\Database.sdf
Destination : n/a
Verifying - verMajor: 3, verMinor: 5, verBuild: 8080, verPoint: 0
Time - 2015-06-07 13:35:09.305

Source      : C:\Users\I R 02\Documents\iX Developer 2 Projects\Project1402\Database.sdf
Destination : n/a
Verifying - verMajor: 3, verMinor: 5, verBuild: 8080, verPoint: 0
Time - 2015-06-07 14:09:12.040

Source      : C:\Users\I R 02\Documents\iX Developer 2 Projects\Project1402\Database.sdf
Destination : n/a
Verifying - verMajor: 3, verMinor: 5, verBuild: 8080, verPoint: 0
Time - 2015-07-07 07:04:11.520

Source      : C:\Users\I R 02\Documents\iX Developer 2 Projects\Project1402\Database.sdf
Destination : n/a
Verifying - verMajor: 3, verMinor: 5, verBuild: 8080, verPoint: 0
Time - 2015-07-07 10:58:13.391

Source      : C:\Users\I R 02\Documents\iX Developer 2 Projects\Project1402\Database.sdf
Destination : n/a
Verifying - verMajor: 3, verMinor: 5, verBuild: 8080, verPoint: 0
Time - 2015-07-07 11:06:17.658

Source      : C:\Users\I R 02\Documents\iX Developer 2 Projects\Project1402\Database.sdf
Destination : n/a
Verifying - verMajor: 3, verMinor: 5, verBuild: 8080, verPoint: 0
Time - 2015-08-07 11:23:01.741

Source      : C:\Users\I R 02\Documents\iX Developer 2 Projects\Project1402\Database.sdf
Destination : n/a
Verifying - verMajor: 3, verMinor: 5, verBuild: 8080, verPoint: 0
Time - 2015-08-07 12:57:54.017

Source      : C:\Users\I R 02\Documents\iX Developer 2 Projects\Project1402\Database.sdf
Destination : n/a
Verifying - verMajor: 3, verMinor: 5, verBuild: 8080, verPoint: 0
Time - 2015-08-07 12:58:51.825

Source      : C:\Users\I R 02\Documents\iX Developer 2 Projects\Project1402\Database.sdf
Destination : n/a
Verifying - verMajor: 3, verMinor: 5, verBuild: 8080, verPoint: 0
Time - 2015-09-07 13:09:31.014

Source      : C:\Users\I R 02\Documents\iX Developer 2 Projects\Project1402\Database.sdf
Destination : n/a
Verifying - verMajor: 3, verMinor: 5, verBuild: 8080, verPoint: 0
Time - 2015-09-07 13:57:57.373

Source      : C:\Users\I R 02\Documents\iX Developer 2 Projects\Project1402\Database.sdf
Destination : n/a
Verifying - verMajor: 3, verMinor: 5, verBuild: 8080, verPoint: 0
Time - 2015-13-07 07:50:24.003

Source      : C:\Users\I R 02\Documents\iX Developer 2 Projects\Project1402\Database.sdf
Destination : n/a
Verifying - verMajor: 3, verMinor: 5, verBuild: 8080, verPoint: 0
Time - 2015-13-07 10:51:52.624

Source      : C:\Users\I R 02\Documents\iX Developer 2 Projects\Project1402\Database.sdf
Destination : n/a
Verifying - verMajor: 3, verMinor: 5, verBuild: 8080, verPoint: 0
Time - 2015-13-07 11:21:08.839

Source      : C:\Users\I R 02\Documents\iX Developer 2 Projects\Project1402\Database.sdf
Destination : n/a
Verifying - verMajor: 3, verMinor: 5, verBuild: 8080, verPoint: 0
Time - 2015-13-07 12:26:12.040

Source      : C:\Users\I R 02\Documents\iX Developer 2 Projects\Project1402\Database.sdf
Destination : n/a
Verifying - verMajor: 3, verMinor: 5, verBuild: 8080, verPoint: 0
Time - 2015-13-07 13:51:56.412

Source      : C:\Users\I R 02\Documents\iX Developer 2 Projects\Project1402\Database.sdf
Destination : n/a
Verifying - verMajor: 3, verMinor: 5, verBuild: 8080, verPoint: 0
Time - 2015-14-07 07:03:11.689

Source      : C:\Users\I R 02\Documents\iX Developer 2 Projects\Project1402\Database.sdf
Destination : n/a
Verifying - verMajor: 3, verMinor: 5, verBuild: 8080, verPoint: 0
Time - 2015-14-07 07:24:11.421

Source      : C:\Users\I R 02\Documents\iX Developer 2 Projects\Project1402\Database.sdf
Destination : n/a
Verifying - verMajor: 3, verMinor: 5, verBuild: 8080, verPoint: 0
Time - 2015-14-07 09:34:51.212

Source      : C:\Users\I R 02\Documents\iX Developer 2 Projects\Project1402\Database.sdf
Destination : n/a
Verifying - verMajor: 3, verMinor: 5, verBuild: 8080, verPoint: 0
Time - 2015-14-07 10:16:18.092

Source      : C:\Users\I R 02\Documents\iX Developer 2 Projects\Project1402\Database.sdf
Destination : n/a
Verifying - verMajor: 3, verMinor: 5, verBuild: 8080, verPoint: 0
Time - 2015-14-07 11:25:58.099

Source      : C:\Users\I R 02\Documents\iX Developer 2 Projects\Project1402\Database.sdf
Destination : n/a
Verifying - verMajor: 3, verMinor: 5, verBuild: 8080, verPoint: 0
Time - 2015-16-07 09:50:38.156

Source      : C:\Users\I R 02\Documents\iX Developer 2 Projects\Project1402\Database.sdf
Destination : n/a
Verifying - verMajor: 3, verMinor: 5, verBuild: 8080, verPoint: 0
Time - 2015-16-07 10:57:02.467

Source      : C:\Users\I R 02\Documents\iX Developer 2 Projects\Project1402\Database.sdf
Destination : n/a
Verifying - verMajor: 3, verMinor: 5, verBuild: 8080, verPoint: 0
Time - 2015-20-07 07:14:00.313

Source      : C:\Users\I R 02\Documents\iX Developer 2 Projects\Project1402\Database.sdf
Destination : n/a
Verifying - verMajor: 3, verMinor: 5, verBuild: 8080, verPoint: 0
Time - 2015-20-07 12:34:42.463

Source      : C:\Users\I R 02\Documents\iX Developer 2 Projects\Project1402\Database.sdf
Destination : n/a
Verifying - verMajor: 3, verMinor: 5, verBuild: 8080, verPoint: 0
Time - 2015-20-07 12:58:00.053

Source      : C:\Users\I R 02\Documents\iX Developer 2 Projects\Project1402\Database.sdf
Destination : n/a
Verifying - verMajor: 3, verMinor: 5, verBuild: 8080, verPoint: 0
Time - 2015-21-07 08:18:49.999

Source      : C:\Users\I R 02\Documents\iX Developer 2 Projects\Project1402\Database.sdf
Destination : n/a
Verifying - verMajor: 3, verMinor: 5, verBuild: 8080, verPoint: 0
Time - 2015-21-07 08:37:53.969

Source      : C:\Users\I R 02\Documents\iX Developer 2 Projects\Project1402\Database.sdf
Destination : n/a
Verifying - verMajor: 3, verMinor: 5, verBuild: 8080, verPoint: 0
Time - 2015-21-07 08:47:41.427

Source      : C:\Users\I R 02\Documents\iX Developer 2 Projects\Project1402\Database.sdf
Destination : n/a
Verifying - verMajor: 3, verMinor: 5, verBuild: 8080, verPoint: 0
Time - 2015-21-07 10:18:59.189

Source      : C:\Users\I R 02\Documents\iX Developer 2 Projects\Project1402\Database.sdf
Destination : n/a
Verifying - verMajor: 3, verMinor: 5, verBuild: 8080, verPoint: 0
Time - 2015-21-07 10:35:49.306

Source      : C:\Users\I R 02\Documents\iX Developer 2 Projects\Project1402\Database.sdf
Destination : n/a
Verifying - verMajor: 3, verMinor: 5, verBuild: 8080, verPoint: 0
Time - 2015-21-07 12:33:34.209

Source      : C:\Users\I R 02\Documents\iX Developer 2 Projects\Project1402\Database.sdf
Destination : n/a
Verifying - verMajor: 3, verMinor: 5, verBuild: 8080, verPoint: 0
Time - 2015-21-07 14:09:40.630

Source      : C:\Users\I R 02\Documents\iX Developer 2 Projects\Project1402\Database.sdf
Destination : n/a
Verifying - verMajor: 3, verMinor: 5, verBuild: 8080, verPoint: 0
Time - 2015-21-07 14:19:05.400

Source      : C:\Users\I R 02\Documents\iX Developer 2 Projects\Project1402\Database.sdf
Destination : n/a
Verifying - verMajor: 3, verMinor: 5, verBuild: 8080, verPoint: 0
Time - 2015-22-07 07:44:43.319

Source      : C:\Users\I R 02\Documents\iX Developer 2 Projects\Project1402\Database.sdf
Destination : n/a
Verifying - verMajor: 3, verMinor: 5, verBuild: 8080, verPoint: 0
Time - 2015-22-07 09:21:14.721

Source      : C:\Users\I R 02\Documents\iX Developer 2 Projects\Project1402\Database.sdf
Destination : n/a
Verifying - verMajor: 3, verMinor: 5, verBuild: 8080, verPoint: 0
Time - 2015-22-07 09:33:45.095

Source      : C:\Users\I R 02\Documents\iX Developer 2 Projects\Project1402\Database.sdf
Destination : n/a
Verifying - verMajor: 3, verMinor: 5, verBuild: 8080, verPoint: 0
Time - 2015-22-07 10:17:55.926

Source      : C:\Users\I R 02\Documents\iX Developer 2 Projects\Project1402\Database.sdf
Destination : n/a
Verifying - verMajor: 3, verMinor: 5, verBuild: 8080, verPoint: 0
Time - 2015-22-07 11:02:53.030

Source      : C:\Users\I R 02\Documents\iX Developer 2 Projects\Project1402\Database.sdf
Destination : n/a
Verifying - verMajor: 3, verMinor: 5, verBuild: 8080, verPoint: 0
Time - 2015-22-07 12:19:20.360

Source      : C:\Users\I R 02\Documents\iX Developer 2 Projects\Project1402\Database.sdf
Destination : n/a
Verifying - verMajor: 3, verMinor: 5, verBuild: 8080, verPoint: 0
Time - 2015-27-07 07:18:01.331

Source      : C:\Users\I R 02\Documents\iX Developer 2 Projects\Project1402\Database.sdf
Destination : n/a
Verifying - verMajor: 3, verMinor: 5, verBuild: 8080, verPoint: 0
Time - 2015-28-07 14:40:05.441

Source      : C:\Users\I R 02\Documents\iX Developer 2 Projects\Project1402\Database.sdf
Destination : n/a
Verifying - verMajor: 3, verMinor: 5, verBuild: 8080, verPoint: 0
Time - 2015-28-07 14:57:06.132

Source      : C:\Users\I R 02\Documents\iX Developer 2 Projects\Project1402\Database.sdf
Destination : n/a
Verifying - verMajor: 3, verMinor: 5, verBuild: 8080, verPoint: 0
Time - 2015-29-07 07:47:31.551

Source      : C:\Users\I R 02\Documents\iX Developer 2 Projects\Project1402\Database.sdf
Destination : n/a
Verifying - verMajor: 3, verMinor: 5, verBuild: 8080, verPoint: 0
Time - 2015-29-07 08:19:14.006

Source      : C:\Users\I R 02\Documents\iX Developer 2 Projects\Project1402\Database.sdf
Destination : n/a
Verifying - verMajor: 3, verMinor: 5, verBuild: 8080, verPoint: 0
Time - 2015-29-07 08:26:10.742

Source      : C:\Users\I R 02\Documents\iX Developer 2 Projects\Project1402\Database.sdf
Destination : n/a
Verifying - verMajor: 3, verMinor: 5, verBuild: 8080, verPoint: 0
Time - 2015-30-07 06:46:34.944

Source      : C:\Users\I R 02\Documents\iX Developer 2 Projects\Project1402\Database.sdf
Destination : n/a
Verifying - verMajor: 3, verMinor: 5, verBuild: 8080, verPoint: 0
Time - 2015-30-07 09:30:23.167

Source      : C:\Users\I R 02\Documents\iX Developer 2 Projects\Project1402\Database.sdf
Destination : n/a
Verifying - verMajor: 3, verMinor: 5, verBuild: 8080, verPoint: 0
Time - 2015-30-07 09:52:34.245

Source      : C:\Users\I R 02\Documents\iX Developer 2 Projects\Project1402\Database.sdf
Destination : n/a
Verifying - verMajor: 3, verMinor: 5, verBuild: 8080, verPoint: 0
Time - 2015-30-07 10:58:33.357

Source      : C:\Users\I R 02\Documents\iX Developer 2 Projects\Project1402\Database.sdf
Destination : n/a
Verifying - verMajor: 3, verMinor: 5, verBuild: 8080, verPoint: 0
Time - 2015-30-07 12:04:25.386

Source      : C:\Users\I R 02\Documents\iX Developer 2 Projects\Project1402\Database.sdf
Destination : n/a
Verifying - verMajor: 3, verMinor: 5, verBuild: 8080, verPoint: 0
Time - 2015-30-07 12:40:05.424

Source      : C:\Users\I R 02\Documents\iX Developer 2 Projects\Project1402\Database.sdf
Destination : n/a
Verifying - verMajor: 3, verMinor: 5, verBuild: 8080, verPoint: 0
Time - 2015-30-07 12:50:40.606

Source      : C:\Users\I R 02\Documents\iX Developer 2 Projects\Project1402\Database.sdf
Destination : n/a
Verifying - verMajor: 3, verMinor: 5, verBuild: 8080, verPoint: 0
Time - 2015-30-07 12:57:13.588

Source      : C:\Users\I R 02\Documents\iX Developer 2 Projects\Project1402\Database.sdf
Destination : n/a
Verifying - verMajor: 3, verMinor: 5, verBuild: 8080, verPoint: 0
Time - 2015-03-08 08:24:58.460

Source      : C:\Users\I R 02\Documents\iX Developer 2 Projects\Project1402\Database.sdf
Destination : n/a
Verifying - verMajor: 3, verMinor: 5, verBuild: 8080, verPoint: 0
Time - 2015-03-08 10:51:37.372

Source      : C:\Users\I R 02\Documents\iX Developer 2 Projects\Project1402\Database.sdf
Destination : n/a
Verifying - verMajor: 3, verMinor: 5, verBuild: 8080, verPoint: 0
Time - 2015-03-08 13:45:20.984

Source      : C:\Users\I R 02\Documents\iX Developer 2 Projects\Project1402\Database.sdf
Destination : n/a
Verifying - verMajor: 3, verMinor: 5, verBuild: 8080, verPoint: 0
Time - 2015-03-08 13:59:15.234

Source      : C:\Users\I R 02\Documents\iX Developer 2 Projects\Project1402\Database.sdf
Destination : n/a
Verifying - verMajor: 3, verMinor: 5, verBuild: 8080, verPoint: 0
Time - 2015-03-08 15:02:32.324

Source      : C:\Users\I R 02\Documents\iX Developer 2 Projects\Project1402\Database.sdf
Destination : n/a
Verifying - verMajor: 3, verMinor: 5, verBuild: 8080, verPoint: 0
Time - 2015-03-08 15:23:49.216

Source      : C:\Users\I R 02\Documents\iX Developer 2 Projects\Project1402\Database.sdf
Destination : n/a
Verifying - verMajor: 3, verMinor: 5, verBuild: 8080, verPoint: 0
Time - 2015-04-08 07:41:13.731

Source      : C:\Users\I R 02\Documents\iX Developer 2 Projects\Project1402\Database.sdf
Destination : n/a
Verifying - verMajor: 3, verMinor: 5, verBuild: 8080, verPoint: 0
Time - 2015-04-08 09:26:55.291

Source      : C:\Users\I R 02\Documents\iX Developer 2 Projects\Project1402\Database.sdf
Destination : n/a
Verifying - verMajor: 3, verMinor: 5, verBuild: 8080, verPoint: 0
Time - 2015-04-08 09:34:09.849

Source      : C:\Users\I R 02\Documents\iX Developer 2 Projects\Project1402\Database.sdf
Destination : n/a
Verifying - verMajor: 3, verMinor: 5, verBuild: 8080, verPoint: 0
Time - 2015-04-08 11:06:05.070

Source      : C:\Users\I R 02\Documents\iX Developer 2 Projects\Project1402\Database.sdf
Destination : n/a
Verifying - verMajor: 3, verMinor: 5, verBuild: 8080, verPoint: 0
Time - 2015-04-08 13:17:21.402

Source      : C:\Users\I R 02\Documents\iX Developer 2 Projects\Project1402\Database.sdf
Destination : n/a
Verifying - verMajor: 3, verMinor: 5, verBuild: 8080, verPoint: 0
Time - 2015-04-08 14:31:17.596

Source      : C:\Users\I R 02\Documents\iX Developer 2 Projects\Project1402\Database.sdf
Destination : n/a
Verifying - verMajor: 3, verMinor: 5, verBuild: 8080, verPoint: 0
Time - 2015-05-08 07:13:38.521

Source      : C:\Users\I R 02\Documents\iX Developer 2 Projects\Project1402\Database.sdf
Destination : n/a
Verifying - verMajor: 3, verMinor: 5, verBuild: 8080, verPoint: 0
Time - 2015-05-08 07:47:50.074

Source      : C:\Users\I R 02\Documents\iX Developer 2 Projects\Project1402\Database.sdf
Destination : n/a
Verifying - verMajor: 3, verMinor: 5, verBuild: 8080, verPoint: 0
Time - 2015-05-08 09:27:17.817

Source      : C:\Users\I R 02\Documents\iX Developer 2 Projects\Project1402\Database.sdf
Destination : n/a
Verifying - verMajor: 3, verMinor: 5, verBuild: 8080, verPoint: 0
Time - 2015-05-08 09:37:29.718

Source      : C:\Users\I R 02\Documents\iX Developer 2 Projects\Project1402\Database.sdf
Destination : n/a
Verifying - verMajor: 3, verMinor: 5, verBuild: 8080, verPoint: 0
Time - 2015-05-08 10:34:08.405

Source      : C:\Users\I R 02\Documents\iX Developer 2 Projects\Project1402\Database.sdf
Destination : n/a
Verifying - verMajor: 3, verMinor: 5, verBuild: 8080, verPoint: 0
Time - 2015-05-08 13:56:39.766

Source      : C:\Users\I R 02\Documents\iX Developer 2 Projects\Project1402\Database.sdf
Destination : n/a
Verifying - verMajor: 3, verMinor: 5, verBuild: 8080, verPoint: 0
Time - 2015-05-08 14:05:39.811

Source      : C:\Users\I R 02\Documents\iX Developer 2 Projects\Project1402\Database.sdf
Destination : n/a
Verifying - verMajor: 3, verMinor: 5, verBuild: 8080, verPoint: 0
Time - 2015-05-08 15:05:08.923

Source      : C:\Users\I R 02\Documents\iX Developer 2 Projects\Project1402\Database.sdf
Destination : n/a
Verifying - verMajor: 3, verMinor: 5, verBuild: 8080, verPoint: 0
Time - 2015-05-08 15:15:16.805

Source      : C:\Users\I R 02\Documents\iX Developer 2 Projects\Project1402\Database.sdf
Destination : n/a
Verifying - verMajor: 3, verMinor: 5, verBuild: 8080, verPoint: 0
Time - 2015-06-08 07:01:48.434

Source      : C:\Users\I R 02\Documents\iX Developer 2 Projects\Project1402\Database.sdf
Destination : n/a
Verifying - verMajor: 3, verMinor: 5, verBuild: 8080, verPoint: 0
Time - 2015-06-08 07:53:15.101

Source      : C:\Users\I R 02\Documents\iX Developer 2 Projects\Project1402\Database.sdf
Destination : n/a
Verifying - verMajor: 3, verMinor: 5, verBuild: 8080, verPoint: 0
Time - 2015-06-08 09:58:21.321

Source      : C:\Users\I R 02\Documents\iX Developer 2 Projects\Project1402\Database.sdf
Destination : n/a
Verifying - verMajor: 3, verMinor: 5, verBuild: 8080, verPoint: 0
Time - 2015-06-08 10:56:30.959

Source      : C:\Users\I R 02\Documents\iX Developer 2 Projects\Project1402\Database.sdf
Destination : n/a
Verifying - verMajor: 3, verMinor: 5, verBuild: 8080, verPoint: 0
Time - 2015-06-08 11:05:06.150

Source      : C:\Users\I R 02\Documents\iX Developer 2 Projects\Project1402\Database.sdf
Destination : n/a
Verifying - verMajor: 3, verMinor: 5, verBuild: 8080, verPoint: 0
Time - 2015-07-08 07:35:32.830

Source      : C:\Users\I R 02\Documents\iX Developer 2 Projects\Project1402\Database.sdf
Destination : n/a
Verifying - verMajor: 3, verMinor: 5, verBuild: 8080, verPoint: 0
Time - 2015-07-08 08:00:31.301

Source      : C:\Users\I R 02\Documents\iX Developer 2 Projects\Project1402\Database.sdf
Destination : n/a
Verifying - verMajor: 3, verMinor: 5, verBuild: 8080, verPoint: 0
Time - 2015-07-08 09:05:38.921

Source      : C:\Users\I R 02\Documents\iX Developer 2 Projects\Project1402\Database.sdf
Destination : n/a
Verifying - verMajor: 3, verMinor: 5, verBuild: 8080, verPoint: 0
Time - 2015-07-08 09:18:40.790

Source      : C:\Users\I R 02\Documents\iX Developer 2 Projects\Project1402\Database.sdf
Destination : n/a
Verifying - verMajor: 3, verMinor: 5, verBuild: 8080, verPoint: 0
Time - 2015-07-08 10:02:47.043

Source      : C:\Users\I R 02\Documents\iX Developer 2 Projects\Project1402\Database.sdf
Destination : n/a
Verifying - verMajor: 3, verMinor: 5, verBuild: 8080, verPoint: 0
Time - 2015-07-08 10:11:50.854

Source      : C:\Users\I R 02\Documents\iX Developer 2 Projects\Project1402\Database.sdf
Destination : n/a
Verifying - verMajor: 3, verMinor: 5, verBuild: 8080, verPoint: 0
Time - 2015-07-08 11:19:51.247

Source      : C:\Users\I R 02\Documents\iX Developer 2 Projects\Project1402\Database.sdf
Destination : n/a
Verifying - verMajor: 3, verMinor: 5, verBuild: 8080, verPoint: 0
Time - 2015-07-08 11:26:37.953

Source      : C:\Users\I R 02\Documents\iX Developer 2 Projects\Project1402\Database.sdf
Destination : n/a
Verifying - verMajor: 3, verMinor: 5, verBuild: 8080, verPoint: 0
Time - 2015-07-08 11:46:00.611

Source      : C:\Users\I R 02\Documents\iX Developer 2 Projects\Project1402\Database.sdf
Destination : n/a
Verifying - verMajor: 3, verMinor: 5, verBuild: 8080, verPoint: 0
Time - 2015-07-08 12:13:45.031

Source      : C:\Users\I R 02\Documents\iX Developer 2 Projects\Project1402\Database.sdf
Destination : n/a
Verifying - verMajor: 3, verMinor: 5, verBuild: 8080, verPoint: 0
Time - 2015-07-08 13:00:31.649

Source      : C:\Users\I R 02\Documents\iX Developer 2 Projects\Project1402\Database.sdf
Destination : n/a
Verifying - verMajor: 3, verMinor: 5, verBuild: 8080, verPoint: 0
Time - 2015-07-08 13:06:25.381

Source      : C:\Users\I R 02\Documents\iX Developer 2 Projects\Project1402\Database.sdf
Destination : n/a
Verifying - verMajor: 3, verMinor: 5, verBuild: 8080, verPoint: 0
Time - 2015-11-08 10:14:05.202

Source      : C:\Users\I R 02\Documents\iX Developer 2 Projects\Project1402\Database.sdf
Destination : n/a
Verifying - verMajor: 3, verMinor: 5, verBuild: 8080, verPoint: 0
Time - 2015-12-08 12:41:12.031

Source      : C:\Users\I R 02\Documents\iX Developer 2 Projects\Project1402\Database.sdf
Destination : n/a
Verifying - verMajor: 3, verMinor: 5, verBuild: 8080, verPoint: 0
Time - 2015-12-08 12:54:27.325

Source      : C:\Users\I R 02\Documents\iX Developer 2 Projects\Project1402\Database.sdf
Destination : n/a
Verifying - verMajor: 3, verMinor: 5, verBuild: 8080, verPoint: 0
Time - 2015-12-08 14:06:16.628

Source      : C:\Users\I R 02\Documents\iX Developer 2 Projects\Project1402\Database.sdf
Destination : n/a
Verifying - verMajor: 3, verMinor: 5, verBuild: 8080, verPoint: 0
Time - 2015-13-08 09:20:38.124

Source      : C:\Users\I R 02\Documents\iX Developer 2 Projects\Project1402\Database.sdf
Destination : n/a
Verifying - verMajor: 3, verMinor: 5, verBuild: 8080, verPoint: 0
Time - 2015-13-08 10:30:56.649

Source      : C:\Users\I R 02\Documents\iX Developer 2 Projects\Project1402\Database.sdf
Destination : n/a
Verifying - verMajor: 3, verMinor: 5, verBuild: 8080, verPoint: 0
Time - 2015-13-08 12:49:27.377

Source      : C:\Users\I R 02\Documents\iX Developer 2 Projects\Project1402\Database.sdf
Destination : n/a
Verifying - verMajor: 3, verMinor: 5, verBuild: 8080, verPoint: 0
Time - 2015-13-08 14:03:50.413

Source      : C:\Users\I R 02\Documents\iX Developer 2 Projects\Project1402\Database.sdf
Destination : n/a
Verifying - verMajor: 3, verMinor: 5, verBuild: 8080, verPoint: 0
Time - 2015-14-08 07:14:16.220

Source      : C:\Users\I R 02\Documents\iX Developer 2 Projects\Project1402\Database.sdf
Destination : n/a
Verifying - verMajor: 3, verMinor: 5, verBuild: 8080, verPoint: 0
Time - 2015-14-08 07:54:53.878

Source      : C:\Users\I R 02\Documents\iX Developer 2 Projects\Project1402\Database.sdf
Destination : n/a
Verifying - verMajor: 3, verMinor: 5, verBuild: 8080, verPoint: 0
Time - 2015-14-08 12:59:40.493

Source      : C:\Users\I R 02\Documents\iX Developer 2 Projects\Project1402\Database.sdf
Destination : n/a
Verifying - verMajor: 3, verMinor: 5, verBuild: 8080, verPoint: 0
Time - 2015-14-08 13:02:26.836

Source      : C:\Users\I R 02\Documents\iX Developer 2 Projects\Project1402\Database.sdf
Destination : n/a
Verifying - verMajor: 3, verMinor: 5, verBuild: 8080, verPoint: 0
Time - 2015-15-08 07:05:46.704

Source      : C:\Users\I R 02\Documents\iX Developer 2 Projects\Project1402\Database.sdf
Destination : n/a
Verifying - verMajor: 3, verMinor: 5, verBuild: 8080, verPoint: 0
Time - 2015-15-08 07:23:13.590

Source      : C:\Users\I R 02\Documents\iX Developer 2 Projects\Project1402\Database.sdf
Destination : n/a
Verifying - verMajor: 3, verMinor: 5, verBuild: 8080, verPoint: 0
Time - 2015-15-08 08:41:58.019

Source      : C:\Users\I R 02\Documents\iX Developer 2 Projects\Project1402\Database.sdf
Destination : n/a
Verifying - verMajor: 3, verMinor: 5, verBuild: 8080, verPoint: 0
Time - 2015-15-08 11:22:58.274

Source      : C:\Project1402\Project1402\Database.sdf
Destination : n/a
Verifying - verMajor: 3, verMinor: 5, verBuild: 8080, verPoint: 0
Time - 2015-15-08 12:29:23.875

Source      : C:\Project1402\Project1402\Database.sdf
Destination : n/a
Verifying - verMajor: 3, verMinor: 5, verBuild: 8080, verPoint: 0
Time - 2015-15-08 12:49:18.140

Source      : C:\Users\Public\Project1402\Project1402\Project1402\Database.sdf
Destination : n/a
Verifying - verMajor: 3, verMinor: 5, verBuild: 8080, verPoint: 0
Time - 2015-16-08 08:11:41.749

Source      : C:\Users\I R 02\Documents\iX Developer 2 Projects\Project1402\Database.sdf
Destination : n/a
Verifying - verMajor: 3, verMinor: 5, verBuild: 8080, verPoint: 0
Time - 2015-16-08 08:16:03.581

Source      : C:\Users\I R 02\Documents\iX Developer 2 Projects\Project1402\Database.sdf
Destination : n/a
Verifying - verMajor: 3, verMinor: 5, verBuild: 8080, verPoint: 0
Time - 2015-16-08 13:57:30.005

Source      : C:\Users\I R 02\Documents\iX Developer 2 Projects\Project1402\Database.sdf
Destination : n/a
Verifying - verMajor: 3, verMinor: 5, verBuild: 8080, verPoint: 0
Time - 2015-16-08 14:59:11.506

Source      : C:\Users\I R 02\Documents\iX Developer 2 Projects\Project1402\Database.sdf
Destination : n/a
Verifying - verMajor: 3, verMinor: 5, verBuild: 8080, verPoint: 0
Time - 2015-16-08 15:28:24.400

Source      : C:\Users\I R 02\Documents\iX Developer 2 Projects\Project1402\Database.sdf
Destination : n/a
Verifying - verMajor: 3, verMinor: 5, verBuild: 8080, verPoint: 0
Time - 2015-17-08 07:01:17.856

Source      : C:\Users\I R 02\Documents\iX Developer 2 Projects\Project1402\Database.sdf
Destination : n/a
Verifying - verMajor: 3, verMinor: 5, verBuild: 8080, verPoint: 0
Time - 2015-17-08 10:27:47.482

Source      : C:\Project1402\Project1402\Database.sdf
Destination : n/a
Verifying - verMajor: 3, verMinor: 5, verBuild: 8080, verPoint: 0
Time - 2015-17-08 13:28:29.437

Source      : C:\Project1402\Project1402\Database.sdf
Destination : n/a
Verifying - verMajor: 3, verMinor: 5, verBuild: 8080, verPoint: 0
Time - 2015-17-08 14:06:29.640

Source      : C:\Users\I R 02\Downloads\Project1402\Project1402\Project1402\Database.sdf
Destination : n/a
Verifying - verMajor: 3, verMinor: 5, verBuild: 8080, verPoint: 0
Time - 2015-18-08 08:17:28.843

Source      : C:\dev\1402 Related\Project1402\Database.sdf
Destination : n/a
Verifying - verMajor: 3, verMinor: 5, verBuild: 8080, verPoint: 0
Time - 2015-18-08 08:22:53.832

Source      : C:\dev\1402 Related\Project1402\Database.sdf
Destination : n/a
Verifying - verMajor: 3, verMinor: 5, verBuild: 8080, verPoint: 0
Time - 2015-18-08 10:12:24.740

Source      : C:\dev\1402 Related\Project1402\Database.sdf
Destination : n/a
Verifying - verMajor: 3, verMinor: 5, verBuild: 8080, verPoint: 0
Time - 2015-18-08 11:01:10.188

Source      : C:\dev\1402 Related\Project1402\Database.sdf
Destination : n/a
Verifying - verMajor: 3, verMinor: 5, verBuild: 8080, verPoint: 0
Time - 2015-18-08 12:41:47.439

Source      : C:\dev\1402 Related\Project1402\Database.sdf
Destination : n/a
Verifying - verMajor: 3, verMinor: 5, verBuild: 8080, verPoint: 0
Time - 2015-18-08 13:27:37.490

Source      : C:\dev\1402 Related\Project1402\Database.sdf
Destination : n/a
Verifying - verMajor: 3, verMinor: 5, verBuild: 8080, verPoint: 0
Time - 2015-18-08 13:43:47.157

Source      : C:\dev\1402 Related\Project1402\Database.sdf
Destination : n/a
Verifying - verMajor: 3, verMinor: 5, verBuild: 8080, verPoint: 0
Time - 2015-18-08 14:03:35.475

Source      : C:\dev\1402 Related\Project1402\Database.sdf
Destination : n/a
Verifying - verMajor: 3, verMinor: 5, verBuild: 8080, verPoint: 0
Time - 2015-19-08 07:03:20.068

Source      : C:\dev\1402 Related\Project1402\Database.sdf
Destination : n/a
Verifying - verMajor: 3, verMinor: 5, verBuild: 8080, verPoint: 0
Time - 2015-19-08 08:31:50.496

Source      : C:\dev\1402 Related\Project1402\Database.sdf
Destination : n/a
Verifying - verMajor: 3, verMinor: 5, verBuild: 8080, verPoint: 0
Time - 2015-19-08 08:51:24.116

Source      : C:\dev\1402 Related\Project1402\Database.sdf
Destination : n/a
Verifying - verMajor: 3, verMinor: 5, verBuild: 8080, verPoint: 0
Time - 2015-19-08 15:10:41.837

Source      : C:\dev\1402 Related\Project1402\Database.sdf
Destination : n/a
Verifying - verMajor: 3, verMinor: 5, verBuild: 8080, verPoint: 0
Time - 2015-19-08 15:18:01.709

Source      : C:\dev\1402 Related\Project1402\Database.sdf
Destination : n/a
Verifying - verMajor: 3, verMinor: 5, verBuild: 8080, verPoint: 0
Time - 2015-20-08 08:46:14.051

Source      : C:\dev\1402 Related\Project1402\Database.sdf
Destination : n/a
Verifying - verMajor: 3, verMinor: 5, verBuild: 8080, verPoint: 0
Time - 2015-20-08 09:57:43.740

Source      : C:\dev\1402 Related\Project1402\Database.sdf
Destination : n/a
Verifying - verMajor: 3, verMinor: 5, verBuild: 8080, verPoint: 0
Time - 2015-20-08 10:50:22.383

Source      : C:\dev\1402 Related\Project1402\Database.sdf
Destination : n/a
Verifying - verMajor: 3, verMinor: 5, verBuild: 8080, verPoint: 0
Time - 2015-20-08 15:29:42.450

Source      : C:\dev\1402 Related\Project1402\Database.sdf
Destination : n/a
Verifying - verMajor: 3, verMinor: 5, verBuild: 8080, verPoint: 0
Time - 2015-24-08 12:53:45.810

Source      : C:\dev\1402 Related\Project1402\Database.sdf
Destination : n/a
Verifying - verMajor: 3, verMinor: 5, verBuild: 8080, verPoint: 0
Time - 2015-25-08 07:28:52.303

Source      : C:\dev\1402 Related\Project1402\Database.sdf
Destination : n/a
Verifying - verMajor: 3, verMinor: 5, verBuild: 8080, verPoint: 0
Time - 2015-25-08 12:51:59.646

Source      : C:\dev\1402 Related\Project1402\Database.sdf
Destination : n/a
Verifying - verMajor: 3, verMinor: 5, verBuild: 8080, verPoint: 0
Time - 2015-27-08 07:12:10.139

Source      : C:\dev\1402 Related\Project1402\Database.sdf
Destination : n/a
Verifying - verMajor: 3, verMinor: 5, verBuild: 8080, verPoint: 0
Time - 2015-27-08 13:41:08.482

Source      : C:\dev\1402 Related\Project1402\Database.sdf
Destination : n/a
Verifying - verMajor: 3, verMinor: 5, verBuild: 8080, verPoint: 0
Time - 2015-27-08 15:30:20.467

Source      : C:\dev\1402 Related\Project1402\Database.sdf
Destination : n/a
Verifying - verMajor: 3, verMinor: 5, verBuild: 8080, verPoint: 0
Time - 2015-29-08 08:14:19.578

Source      : C:\dev\1402 Related\Project1402\Database.sdf
Destination : n/a
Verifying - verMajor: 3, verMinor: 5, verBuild: 8080, verPoint: 0
Time - 2015-29-08 09:06:10.950

Source      : C:\dev\1402 Related\Project1402\Database.sdf
Destination : n/a
Verifying - verMajor: 3, verMinor: 5, verBuild: 8080, verPoint: 0
Time - 2015-31-08 08:49:51.931

Source      : C:\dev\1402 Related\Project1402\Database.sdf
Destination : n/a
Verifying - verMajor: 3, verMinor: 5, verBuild: 8080, verPoint: 0
Time - 2015-31-08 09:41:41.697

Source      : C:\dev\1402 Related\Project1402\Database.sdf
Destination : n/a
Verifying - verMajor: 3, verMinor: 5, verBuild: 8080, verPoint: 0
Time - 2015-01-09 07:40:30.472

Source      : C:\dev\1402 Related\Project1402\Database.sdf
Destination : n/a
Verifying - verMajor: 3, verMinor: 5, verBuild: 8080, verPoint: 0
Time - 2015-02-09 07:31:24.290

Source      : C:\dev\1402 Related\Project1402\Database.sdf
Destination : n/a
Verifying - verMajor: 3, verMinor: 5, verBuild: 8080, verPoint: 0
Time - 2015-02-09 10:51:56.496

Source      : C:\dev\1402 Related\Project1402_WIFI\Database.sdf
Destination : n/a
Verifying - verMajor: 3, verMinor: 5, verBuild: 8080, verPoint: 0
Time - 2015-02-09 10:54:49.429

Source      : C:\dev\1402 Related\Project1402_WIFI\Database.sdf
Destination : n/a
Verifying - verMajor: 3, verMinor: 5, verBuild: 8080, verPoint: 0
Time - 2015-03-09 07:02:06.407

Source      : C:\dev\1402 Related\Project1402_WIFI\Database.sdf
Destination : n/a
Verifying - verMajor: 3, verMinor: 5, verBuild: 8080, verPoint: 0
Time - 2015-09-09 11:55:44.868

Source      : C:\dev\1402 Related\Project1402_WIFI\Database.sdf
Destination : n/a
Verifying - verMajor: 3, verMinor: 5, verBuild: 8080, verPoint: 0
Time - 2015-10-09 07:26:33.940

Source      : C:\dev\1402 Related\Project1402_WIFI\Database.sdf
Destination : n/a
Verifying - verMajor: 3, verMinor: 5, verBuild: 8080, verPoint: 0
Time - 2015-11-09 14:35:40.197

Source      : C:\dev\1402 Related\Project1402_WIFI\Database.sdf
Destination : n/a
Verifying - verMajor: 3, verMinor: 5, verBuild: 8080, verPoint: 0
Time - 2015-14-09 07:25:12.724

Source      : C:\dev\1402 Related\Project1402_WIFI\Database.sdf
Destination : n/a
Verifying - verMajor: 3, verMinor: 5, verBuild: 8080, verPoint: 0
Time - 2015-14-09 13:18:01.496

Source      : C:\dev\1402 Related\Project1402_WIFI\Database.sdf
Destination : n/a
Verifying - verMajor: 3, verMinor: 5, verBuild: 8080, verPoint: 0
Time - 2015-14-09 13:25:45.340

Source      : C:\dev\1402 Related\Project1402_WIFI\Database.sdf
Destination : n/a
Verifying - verMajor: 3, verMinor: 5, verBuild: 8080, verPoint: 0
Time - 2015-15-09 07:23:51.794

Source      : C:\dev\1402 Related\Project1402_WIFI\Database.sdf
Destination : n/a
Verifying - verMajor: 3, verMinor: 5, verBuild: 8080, verPoint: 0
Time - 2015-15-09 08:15:17.263

Source      : C:\dev\1402 Related\Project1402_WIFI\Database.sdf
Destination : n/a
Verifying - verMajor: 3, verMinor: 5, verBuild: 8080, verPoint: 0
Time - 2015-15-09 08:32:08.360

Source      : C:\dev\1402 Related\Project1402_WIFI\Database.sdf
Destination : n/a
Verifying - verMajor: 3, verMinor: 5, verBuild: 8080, verPoint: 0
Time - 2015-15-09 08:43:08.771

Source      : C:\dev\1402 Related\Project1402_WIFI\Database.sdf
Destination : n/a
Verifying - verMajor: 3, verMinor: 5, verBuild: 8080, verPoint: 0
Time - 2015-15-09 11:07:44.070

Source      : C:\dev\1402 Related\Project1402_WIFI\Database.sdf
Destination : n/a
Verifying - verMajor: 3, verMinor: 5, verBuild: 8080, verPoint: 0
Time - 2015-15-09 12:07:48.184

Source      : C:\dev\1402 Related\Project1402_WIFI\Database.sdf
Destination : n/a
Verifying - verMajor: 3, verMinor: 5, verBuild: 8080, verPoint: 0
Time - 2015-15-09 12:34:53.057

Source      : C:\dev\1402 Related\Project1402_WIFI\Database.sdf
Destination : n/a
Verifying - verMajor: 3, verMinor: 5, verBuild: 8080, verPoint: 0
Time - 2015-15-09 13:35:51.737

Source      : C:\dev\1402 Related\Project1402_WIFI\Database.sdf
Destination : n/a
Verifying - verMajor: 3, verMinor: 5, verBuild: 8080, verPoint: 0
Time - 2015-15-09 14:10:43.515

Source      : C:\dev\1402 Related\Project1402_WIFI\Database.sdf
Destination : n/a
Verifying - verMajor: 3, verMinor: 5, verBuild: 8080, verPoint: 0
Time - 2015-15-09 14:48:31.109

Source      : C:\dev\1402 Related\Project1402_WIFI\Database.sdf
Destination : n/a
Verifying - verMajor: 3, verMinor: 5, verBuild: 8080, verPoint: 0
Time - 2015-15-09 15:18:22.096

Source      : C:\dev\1402 Related\Project1402_WIFI\Database.sdf
Destination : n/a
Verifying - verMajor: 3, verMinor: 5, verBuild: 8080, verPoint: 0
Time - 2015-16-09 07:05:07.643

Source      : C:\dev\1402 Related\Project1402_WIFI\Database.sdf
Destination : n/a
Verifying - verMajor: 3, verMinor: 5, verBuild: 8080, verPoint: 0
Time - 2015-16-09 07:24:20.175

Source      : C:\dev\1402 Related\Project1402_WIFI\Database.sdf
Destination : n/a
Verifying - verMajor: 3, verMinor: 5, verBuild: 8080, verPoint: 0
Time - 2015-16-09 07:32:57.192

Source      : C:\dev\1402 Related\Project1402_WIFI\Database.sdf
Destination : n/a
Verifying - verMajor: 3, verMinor: 5, verBuild: 8080, verPoint: 0
Time - 2015-16-09 07:35:53.343

Source      : C:\dev\1402 Related\Project1402_WIFI\Database.sdf
Destination : n/a
Verifying - verMajor: 3, verMinor: 5, verBuild: 8080, verPoint: 0
Time - 2015-16-09 07:51:33.809

Source      : C:\dev\1402 Related\Project1402_WIFI\Database.sdf
Destination : n/a
Verifying - verMajor: 3, verMinor: 5, verBuild: 8080, verPoint: 0
Time - 2015-16-09 08:29:53.578

Source      : C:\dev\1402 Related\Project1402_WIFI\Database.sdf
Destination : n/a
Verifying - verMajor: 3, verMinor: 5, verBuild: 8080, verPoint: 0
Time - 2015-16-09 08:35:54.840

Source      : C:\dev\1402 Related\Project1402_WIFI\Database.sdf
Destination : n/a
Verifying - verMajor: 3, verMinor: 5, verBuild: 8080, verPoint: 0
Time - 2015-16-09 08:54:50.332

Source      : C:\dev\1402 Related\Project1402_WIFI\Database.sdf
Destination : n/a
Verifying - verMajor: 3, verMinor: 5, verBuild: 8080, verPoint: 0
Time - 2015-16-09 12:30:44.400

Source      : C:\dev\1402 Related\Project1402_WIFI\Database.sdf
Destination : n/a
Verifying - verMajor: 3, verMinor: 5, verBuild: 8080, verPoint: 0
Time - 2015-16-09 12:41:16.099

Source      : C:\dev\1402 Related\Project1402_WIFI\Database.sdf
Destination : n/a
Verifying - verMajor: 3, verMinor: 5, verBuild: 8080, verPoint: 0
Time - 2015-17-09 07:00:36.887

Source      : C:\dev\1402 Related\Project1402_WIFI\Database.sdf
Destination : n/a
Verifying - verMajor: 3, verMinor: 5, verBuild: 8080, verPoint: 0
Time - 2015-17-09 07:13:18.486

Source      : C:\dev\1402 Related\Project1402_WIFI\Database.sdf
Destination : n/a
Verifying - verMajor: 3, verMinor: 5, verBuild: 8080, verPoint: 0
Time - 2015-17-09 08:38:43.965

Source      : C:\dev\1402 Related\Project1402_WIFI\Database.sdf
Destination : n/a
Verifying - verMajor: 3, verMinor: 5, verBuild: 8080, verPoint: 0
Time - 2015-17-09 09:22:21.735

Source      : C:\dev\1402 Related\Project1402_WIFI\Database.sdf
Destination : n/a
Verifying - verMajor: 3, verMinor: 5, verBuild: 8080, verPoint: 0
Time - 2015-17-09 10:39:44.052

Source      : C:\dev\1402 Related\Project1402_WIFI\Database.sdf
Destination : n/a
Verifying - verMajor: 3, verMinor: 5, verBuild: 8080, verPoint: 0
Time - 2015-17-09 10:51:58.937

Source      : C:\dev\1402 Related\Project1402_WIFI\Database.sdf
Destination : n/a
Verifying - verMajor: 3, verMinor: 5, verBuild: 8080, verPoint: 0
Time - 2015-17-09 12:10:01.755

Source      : C:\dev\1402 Related\Project1402_WIFI\Database.sdf
Destination : n/a
Verifying - verMajor: 3, verMinor: 5, verBuild: 8080, verPoint: 0
Time - 2015-17-09 13:13:26.027

Source      : C:\dev\1402 Related\Project1402_WIFI\Database.sdf
Destination : n/a
Verifying - verMajor: 3, verMinor: 5, verBuild: 8080, verPoint: 0
Time - 2015-17-09 13:28:20.836

Source      : C:\dev\1402 Related\Project1402_WIFI\Database.sdf
Destination : n/a
Verifying - verMajor: 3, verMinor: 5, verBuild: 8080, verPoint: 0
Time - 2015-17-09 13:39:19.925

Source      : C:\dev\1402 Related\Project1402_WIFI\Database.sdf
Destination : n/a
Verifying - verMajor: 3, verMinor: 5, verBuild: 8080, verPoint: 0
Time - 2015-17-09 14:00:15.147

Source      : C:\dev\1402 Related\Project1402_WIFI\Database.sdf
Destination : n/a
Verifying - verMajor: 3, verMinor: 5, verBuild: 8080, verPoint: 0
Time - 2015-23-09 07:34:04.508

Source      : C:\dev\1402 Related\Project1402_WIFI\Database.sdf
Destination : n/a
Verifying - verMajor: 3, verMinor: 5, verBuild: 8080, verPoint: 0
Time - 2016-04-01 08:09:24.566

Source      : C:\dev\1402 Related\Project1402_WIFI\Database.sdf
Destination : n/a
Verifying - verMajor: 3, verMinor: 5, verBuild: 8080, verPoint: 0
Time - 2016-04-01 14:29:49.990

Source      : C:\dev\1402 Related\Project1402_WIFI\Database.sdf
Destination : n/a
Verifying - verMajor: 3, verMinor: 5, verBuild: 8080, verPoint: 0
Time - 2016-07-01 08:51:09.378

Source      : C:\dev\1402 Related\Project1402_WIFI\Database.sdf
Destination : n/a
Verifying - verMajor: 3, verMinor: 5, verBuild: 8080, verPoint: 0
Time - 2016-07-01 14:16:22.994

