[Header Microsoft Windows NT 6.2.9200.0]
2016-05-09 13:26:44,156 [1] INFO  Neo.ApplicationFramework.Storage.Providers.CommonDatabase.CommonDatabaseBase [(null)] - Database: Integrity check started.
2016-05-09 13:26:44,190 [1] INFO  Neo.ApplicationFramework.Storage.Providers.CommonDatabase.CommonDatabaseBase [(null)] - Database: Integrity check finished without errors.
2016-05-09 13:26:44,193 [1] INFO  Neo.ApplicationFramework.Storage.Providers.CommonDatabase.CommonDatabaseBase [(null)] - Database: Database created.
2016-05-09 13:26:44,356 [1] INFO  Neo.ApplicationFramework.Storage.Providers.CommonDatabase.CommonDatabaseBase [(null)] - Database: Cleanup started.
2016-05-09 13:26:44,491 [1] INFO  Neo.ApplicationFramework.Storage.Providers.CommonDatabase.CommonDatabaseBase [(null)] - Database: Cleanup recovered 12480 bytes.
2016-05-09 13:26:44,688 [9] INFO  Neo.ApplicationFramework.Storage.Providers.CommonDatabase.CommonDatabaseBase [(null)] - NonVolatileDatabase: Integrity check started.
2016-05-09 13:26:44,688 [9] INFO  Neo.ApplicationFramework.Storage.Providers.CommonDatabase.CommonDatabaseBase [(null)] - NonVolatileDatabase: Integrity check finished without errors.
2016-05-09 13:26:44,689 [9] INFO  Neo.ApplicationFramework.Storage.Providers.CommonDatabase.CommonDatabaseBase [(null)] - NonVolatileDatabase: Database created.
2016-05-09 13:26:44,794 [1] INFO  Neo.ApplicationFramework.Tools.Reporting.Reports [(null)] - Loading support for reporting with type of FlexCel.XlsAdapter.XlsFile.
2016-05-09 13:26:44,857 [1] ERROR Neo.ApplicationFramework.Tools.Backlight.BacklightController [(null)] - Failed to find registryKey HKEY_CURRENT_USER\ControlPanel\backlight
2016-05-09 13:26:44,857 [1] ERROR Neo.ApplicationFramework.Tools.Backlight.BacklightController [(null)] - Failed to find registryKey HKEY_CURRENT_USER\ControlPanel\backlight
2016-05-09 13:26:44,973 [1] INFO  Neo.ApplicationFramework.Tools.Recipe.Recipe [(null)] - Updating recipe runtime data in 'DefaultSettings'
2016-05-09 13:26:45,043 [1] INFO  Neo.ApplicationFramework.Tools.Recipe.Recipe [(null)] - Updating recipe runtime data in 'InternalSettings'
2016-05-09 13:26:45,081 [1] INFO  Neo.ApplicationFramework.Tools.Recipe.Recipe [(null)] - Updating recipe runtime data in 'PersistentVariables'
2016-05-09 13:26:45,122 [1] INFO  Neo.ApplicationFramework.Tools.Recipe.Recipe [(null)] - Updating recipe runtime data in 'DecimalSettings'
2016-05-09 13:26:45,155 [1] INFO  Neo.ApplicationFramework.Tools.Recipe.Recipe [(null)] - Updating recipe runtime data in 'FilterSettingMid'
2016-05-09 13:26:45,189 [1] INFO  Neo.ApplicationFramework.Tools.Recipe.Recipe [(null)] - Updating recipe runtime data in 'StabSettingMid'
2016-05-09 13:26:45,221 [1] INFO  Neo.ApplicationFramework.Tools.Recipe.Recipe [(null)] - Updating recipe runtime data in 'StabSettingLow'
2016-05-09 13:26:45,256 [1] INFO  Neo.ApplicationFramework.Tools.Recipe.Recipe [(null)] - Updating recipe runtime data in 'FilterSettingLow'
2016-05-09 13:26:45,486 [1] INFO  Neo.ApplicationFramework.Tools.Recipe.Recipe [(null)] - LoadRecipe called on recipe
2016-05-09 13:26:45,500 [1] INFO  Neo.ApplicationFramework.Tools.Recipe.Recipe [(null)] - Recipe Default_Setting loaded.
2016-05-09 13:26:45,501 [1] INFO  Neo.ApplicationFramework.Tools.Recipe.Recipe [(null)] - LoadRecipe called on recipe
2016-05-09 13:26:45,501 [1] INFO  Neo.ApplicationFramework.Tools.Recipe.Recipe [(null)] - Recipe Current loaded.
2016-05-09 13:26:45,501 [1] INFO  Neo.ApplicationFramework.Tools.Recipe.Recipe [(null)] - LoadRecipe called on recipe
2016-05-09 13:26:45,504 [1] INFO  Neo.ApplicationFramework.Tools.Recipe.Recipe [(null)] - Recipe Current loaded.
2016-05-09 13:26:45,504 [1] INFO  Neo.ApplicationFramework.Tools.Recipe.Recipe [(null)] - LoadRecipe called on recipe
2016-05-09 13:26:45,504 [1] INFO  Neo.ApplicationFramework.Tools.Recipe.Recipe [(null)] - Recipe Current loaded.
2016-05-09 13:26:45,504 [1] INFO  Neo.ApplicationFramework.Tools.Recipe.Recipe [(null)] - LoadRecipe called on recipe
2016-05-09 13:26:45,504 [1] INFO  Neo.ApplicationFramework.Tools.Recipe.Recipe [(null)] - Recipe Current loaded.
2016-05-09 13:26:45,504 [1] INFO  Neo.ApplicationFramework.Tools.Recipe.Recipe [(null)] - LoadRecipe called on recipe
2016-05-09 13:26:45,504 [1] INFO  Neo.ApplicationFramework.Tools.Recipe.Recipe [(null)] - Recipe Current loaded.
2016-05-09 13:26:45,504 [1] INFO  Neo.ApplicationFramework.Tools.Recipe.Recipe [(null)] - LoadRecipe called on recipe
2016-05-09 13:26:45,504 [1] INFO  Neo.ApplicationFramework.Tools.Recipe.Recipe [(null)] - Recipe Current loaded.
2016-05-09 13:26:45,505 [1] INFO  Neo.ApplicationFramework.Tools.Recipe.Recipe [(null)] - LoadRecipe called on recipe
2016-05-09 13:26:45,505 [1] INFO  Neo.ApplicationFramework.Tools.Recipe.Recipe [(null)] - Recipe Current loaded.
2016-05-09 13:26:47,469 [1] ERROR Neo.ApplicationFramework.Tools.Backlight.BacklightController [(null)] - Failed to find registryKey HKEY_CURRENT_USER\ControlPanel\backlight
2016-05-09 13:26:47,469 [1] ERROR Neo.ApplicationFramework.Tools.Backlight.BacklightController [(null)] - Failed to find registryKey HKEY_CURRENT_USER\ControlPanel\backlight
2016-05-09 13:26:47,469 [1] ERROR Neo.ApplicationFramework.Tools.Backlight.BacklightController [(null)] - Failed to find registryKey HKEY_CURRENT_USER\ControlPanel\backlight
2016-05-09 13:26:47,469 [1] ERROR Neo.ApplicationFramework.Tools.Backlight.BacklightController [(null)] - Failed to find registryKey HKEY_CURRENT_USER\ControlPanel\backlight
2016-05-09 13:26:47,469 [1] ERROR Neo.ApplicationFramework.Tools.Backlight.BacklightController [(null)] - Failed to find registryKey HKEY_CURRENT_USER\ControlPanel\backlight
[Header Microsoft Windows NT 6.2.9200.0]
2016-05-26 07:44:47,397 [1] INFO  Core.Engine.ToolManager.Private.Tools [(null)] - Loaded tool: PlatformFactoryToolCF
2016-05-26 07:44:47,397 [1] INFO  Core.Engine.ToolManager.Private.Tools [(null)] - Loaded tool: FeatureSecurityToolCF
2016-05-26 07:44:47,397 [1] INFO  Core.Engine.ToolManager.Private.Tools [(null)] - Loaded tool: StorageToolCF
2016-05-26 07:44:47,413 [1] INFO  Core.Engine.ToolManager.Private.Tools [(null)] - Loaded tool: SqlCeDatabaseTool
2016-05-26 07:44:47,435 [1] INFO  Core.Engine.ToolManager.Private.Tools [(null)] - Loaded tool: SQLiteDatabaseToolCF
2016-05-26 07:44:47,435 [1] INFO  Core.Engine.ToolManager.Private.Tools [(null)] - Loaded tool: SplashServiceTool
2016-05-26 07:44:47,435 [1] INFO  Core.Engine.ToolManager.Private.Tools [(null)] - Loaded tool: DatabaseToolCF
2016-05-26 07:44:47,435 [1] INFO  Core.Engine.ToolManager.Private.Tools [(null)] - Loaded tool: MultiLanguageToolCF
2016-05-26 07:44:47,435 [1] INFO  Core.Engine.ToolManager.Private.Tools [(null)] - Loaded tool: MessageBoxToolCF
2016-05-26 07:44:47,435 [1] INFO  Core.Engine.ToolManager.Private.Tools [(null)] - Loaded tool: OpcClientToolCF
2016-05-26 07:44:47,435 [1] INFO  Core.Engine.ToolManager.Private.Tools [(null)] - Loaded tool: SystemTagToolCF
2016-05-26 07:44:47,435 [1] INFO  Core.Engine.ToolManager.Private.Tools [(null)] - Loaded tool: StorageClientToolCF
2016-05-26 07:44:47,435 [1] INFO  Core.Engine.ToolManager.Private.Tools [(null)] - Loaded tool: NonVolatileToolCF
2016-05-26 07:44:47,435 [1] INFO  Core.Engine.ToolManager.Private.Tools [(null)] - Loaded tool: ProjectTool
2016-05-26 07:44:47,435 [1] INFO  Core.Engine.ToolManager.Private.Tools [(null)] - Loaded tool: AlarmTool
2016-05-26 07:44:47,435 [1] INFO  Core.Engine.ToolManager.Private.Tools [(null)] - Loaded tool: AuditTrailToolCF
2016-05-26 07:44:47,435 [1] INFO  Core.Engine.ToolManager.Private.Tools [(null)] - Loaded tool: UserChangedAuditTrailToolCF
2016-05-26 07:44:47,435 [1] INFO  Core.Engine.ToolManager.Private.Tools [(null)] - Loaded tool: BacklightTool
2016-05-26 07:44:47,435 [1] INFO  Core.Engine.ToolManager.Private.Tools [(null)] - Loaded tool: BrandTool
2016-05-26 07:44:47,435 [1] INFO  Core.Engine.ToolManager.Private.Tools [(null)] - Loaded tool: CachedDataItemToolCF
2016-05-26 07:44:47,435 [1] INFO  Core.Engine.ToolManager.Private.Tools [(null)] - Loaded tool: DateTimeEditToolCF
2016-05-26 07:44:47,435 [1] INFO  Core.Engine.ToolManager.Private.Tools [(null)] - Loaded tool: DebugLoggerTool
2016-05-26 07:44:47,435 [1] INFO  Core.Engine.ToolManager.Private.Tools [(null)] - Loaded tool: DeviceManagerToolCF
2016-05-26 07:44:47,435 [1] INFO  Core.Engine.ToolManager.Private.Tools [(null)] - Loaded tool: DriverPropertiesToolCF
2016-05-26 07:44:47,435 [1] INFO  Core.Engine.ToolManager.Private.Tools [(null)] - Loaded tool: EmailSenderTool
2016-05-26 07:44:47,435 [1] INFO  Core.Engine.ToolManager.Private.Tools [(null)] - Loaded tool: LicenseToolCF
2016-05-26 07:44:47,435 [1] INFO  Core.Engine.ToolManager.Private.Tools [(null)] - Loaded tool: NativeToolCF
2016-05-26 07:44:47,435 [1] INFO  Core.Engine.ToolManager.Private.Tools [(null)] - Loaded tool: NetworkToolCF
2016-05-26 07:44:47,435 [1] INFO  Core.Engine.ToolManager.Private.Tools [(null)] - Loaded tool: PrinterToolCF
2016-05-26 07:44:47,435 [1] INFO  Core.Engine.ToolManager.Private.Tools [(null)] - Loaded tool: ProjectInformationToolCF
2016-05-26 07:44:47,435 [1] INFO  Core.Engine.ToolManager.Private.Tools [(null)] - Loaded tool: RecipeToolCF
2016-05-26 07:44:47,435 [1] INFO  Core.Engine.ToolManager.Private.Tools [(null)] - Loaded tool: RenderableControlTool
2016-05-26 07:44:47,435 [1] INFO  Core.Engine.ToolManager.Private.Tools [(null)] - Loaded tool: CommandLineTool
2016-05-26 07:44:47,435 [1] INFO  Core.Engine.ToolManager.Private.Tools [(null)] - Loaded tool: MessageFilterTool
2016-05-26 07:44:47,435 [1] INFO  Core.Engine.ToolManager.Private.Tools [(null)] - Loaded tool: NotifierService
2016-05-26 07:44:47,435 [1] INFO  Core.Engine.ToolManager.Private.Tools [(null)] - Loaded tool: PrintScreenToolCF
2016-05-26 07:44:47,451 [1] INFO  Core.Engine.ToolManager.Private.Tools [(null)] - Loaded tool: TimerToolCF
2016-05-26 07:44:47,451 [1] INFO  Core.Engine.ToolManager.Private.Tools [(null)] - Loaded tool: Run
2016-05-26 07:44:47,451 [1] INFO  Core.Engine.ToolManager.Private.Tools [(null)] - Loaded tool: SimulationTool
2016-05-26 07:44:47,451 [1] INFO  Core.Engine.ToolManager.Private.Tools [(null)] - Loaded tool: ScreenManager
2016-05-26 07:44:47,451 [1] INFO  Core.Engine.ToolManager.Private.Tools [(null)] - Loaded tool: SecurityManagerToolCF
2016-05-26 07:44:47,451 [1] INFO  Core.Engine.ToolManager.Private.Tools [(null)] - Loaded tool: ObjectSerializationToolCF
2016-05-26 07:44:47,451 [1] INFO  Core.Engine.ToolManager.Private.Tools [(null)] - Loaded tool: SMSSenderTool
2016-05-26 07:44:47,451 [1] INFO  Core.Engine.ToolManager.Private.Tools [(null)] - Loaded tool: StorageCacheTool
2016-05-26 07:44:47,451 [1] INFO  Core.Engine.ToolManager.Private.Tools [(null)] - Loaded tool: StructuredTypesToolCF
2016-05-26 07:44:47,451 [1] INFO  Core.Engine.ToolManager.Private.Tools [(null)] - Loaded tool: SymbolService
2016-05-26 07:44:47,451 [1] INFO  Core.Engine.ToolManager.Private.Tools [(null)] - Loaded tool: SystemInformationToolCF
2016-05-26 07:44:47,451 [1] INFO  Core.Engine.ToolManager.Private.Tools [(null)] - Loaded tool: KeyPanelConfigToolCF
2016-05-26 07:44:47,451 [1] INFO  Core.Engine.ToolManager.Private.Tools [(null)] - Loaded tool: ScopeToolCF
2016-05-26 07:44:47,451 [1] INFO  Core.Engine.ToolManager.Private.Tools [(null)] - Loaded tool: TimeInformationToolCF
2016-05-26 07:44:47,451 [1] INFO  Core.Engine.ToolManager.Private.Tools [(null)] - Loaded tool: TrendDataToolCF
2016-05-26 07:44:47,451 [1] INFO  Core.Engine.ToolManager.Private.Tools [(null)] - Loaded tool: WebServerConfigToolCF
2016-05-26 07:44:47,782 [1] INFO  BeHwApiProvider.LegacyToBeIncorporatedWithinIBeHwApiInTheLongRun.BeHwApiEx [(null)] - System.DllNotFoundException: Unable to load DLL 'BeHwApi.dll': The specified module could not be found. (Exception from HRESULT: 0x8007007E)
   at BeHwApiProvider.LegacyToBeIncorporatedWithinIBeHwApiInTheLongRun.BeHwApiEx.BeHWAPI_IsOptimus()
   at BeHwApiProvider.LegacyToBeIncorporatedWithinIBeHwApiInTheLongRun.BeHwApiEx.IsOptimus()
2016-05-26 07:44:47,782 [1] INFO  Neo.ApplicationFramework.Common.Runtime.GlobalsBase [(null)] - Version: 2.21.28.0
2016-05-26 07:44:47,782 [1] INFO  BeHwApiProvider.LegacyToBeIncorporatedWithinIBeHwApiInTheLongRun.BeHwApiEx [(null)] - System.DllNotFoundException: Unable to load DLL 'BeHwApi.dll': The specified module could not be found. (Exception from HRESULT: 0x8007007E)
   at BeHwApiProvider.LegacyToBeIncorporatedWithinIBeHwApiInTheLongRun.BeHwApiEx.BeHWAPI_IsOptimus()
   at BeHwApiProvider.LegacyToBeIncorporatedWithinIBeHwApiInTheLongRun.BeHwApiEx.IsOptimus()
2016-05-26 07:44:47,798 [1] INFO  Core.Engine.ToolManager.Private.ToolMgrCF [(null)] - Initializing ToolManager
2016-05-26 07:44:47,907 [1] INFO  BeHwApiProvider.LegacyToBeIncorporatedWithinIBeHwApiInTheLongRun.BeHwApiEx [(null)] - System.DllNotFoundException: Unable to load DLL 'BeHwApi.dll': The specified module could not be found. (Exception from HRESULT: 0x8007007E)
   at BeHwApiProvider.LegacyToBeIncorporatedWithinIBeHwApiInTheLongRun.BeHwApiEx.BeHWAPI_IsOptimus()
   at BeHwApiProvider.LegacyToBeIncorporatedWithinIBeHwApiInTheLongRun.BeHwApiEx.IsOptimus()
2016-05-26 07:44:49,097 [1] INFO  Neo.ApplicationFramework.Storage.Providers.CommonDatabase.CommonDatabaseBase [(null)] - Database: Integrity check started.
2016-05-26 07:44:49,099 [1] INFO  Neo.ApplicationFramework.Storage.Providers.CommonDatabase.CommonDatabaseBase [(null)] - Database: Integrity check finished without errors.
2016-05-26 07:44:49,108 [1] INFO  Neo.ApplicationFramework.Storage.Providers.CommonDatabase.CommonDatabaseBase [(null)] - Database: Database created.
2016-05-26 07:44:49,620 [1] INFO  Neo.ApplicationFramework.Storage.Providers.CommonDatabase.CommonDatabaseBase [(null)] - Database: Cleanup started.
2016-05-26 07:44:49,868 [1] INFO  Neo.ApplicationFramework.Storage.Providers.CommonDatabase.CommonDatabaseBase [(null)] - Database: Cleanup recovered 12480 bytes.
2016-05-26 07:44:50,468 [9] INFO  Neo.ApplicationFramework.Storage.Providers.CommonDatabase.CommonDatabaseBase [(null)] - NonVolatileDatabase: Integrity check started.
2016-05-26 07:44:50,468 [9] INFO  Neo.ApplicationFramework.Storage.Providers.CommonDatabase.CommonDatabaseBase [(null)] - NonVolatileDatabase: Integrity check finished without errors.
2016-05-26 07:44:50,468 [9] INFO  Neo.ApplicationFramework.Storage.Providers.CommonDatabase.CommonDatabaseBase [(null)] - NonVolatileDatabase: Database created.
2016-05-26 07:44:50,799 [1] INFO  Neo.ApplicationFramework.Tools.Reporting.Reports [(null)] - Loading support for reporting with type of FlexCel.XlsAdapter.XlsFile.
2016-05-26 07:44:50,884 [1] ERROR Neo.ApplicationFramework.Tools.Backlight.BacklightController [(null)] - Failed to find registryKey HKEY_CURRENT_USER\ControlPanel\backlight
2016-05-26 07:44:50,884 [1] ERROR Neo.ApplicationFramework.Tools.Backlight.BacklightController [(null)] - Failed to find registryKey HKEY_CURRENT_USER\ControlPanel\backlight
2016-05-26 07:44:51,164 [1] INFO  Neo.ApplicationFramework.Tools.Recipe.Recipe [(null)] - Updating recipe runtime data in 'DefaultSettings'
2016-05-26 07:44:51,268 [1] INFO  Neo.ApplicationFramework.Tools.Recipe.Recipe [(null)] - Updating recipe runtime data in 'InternalSettings'
2016-05-26 07:44:51,384 [1] INFO  Neo.ApplicationFramework.Tools.Recipe.Recipe [(null)] - Updating recipe runtime data in 'PersistentVariables'
2016-05-26 07:44:51,538 [1] INFO  Neo.ApplicationFramework.Tools.Recipe.Recipe [(null)] - Updating recipe runtime data in 'DecimalSettings'
2016-05-26 07:44:51,658 [1] INFO  Neo.ApplicationFramework.Tools.Recipe.Recipe [(null)] - Updating recipe runtime data in 'FilterSettingMid'
2016-05-26 07:44:51,753 [1] INFO  Neo.ApplicationFramework.Tools.Recipe.Recipe [(null)] - Updating recipe runtime data in 'StabSettingMid'
2016-05-26 07:44:51,884 [1] INFO  Neo.ApplicationFramework.Tools.Recipe.Recipe [(null)] - Updating recipe runtime data in 'StabSettingLow'
2016-05-26 07:44:52,055 [1] INFO  Neo.ApplicationFramework.Tools.Recipe.Recipe [(null)] - Updating recipe runtime data in 'FilterSettingLow'
2016-05-26 07:44:52,387 [1] INFO  Neo.ApplicationFramework.Tools.Recipe.Recipe [(null)] - LoadRecipe called on recipe
2016-05-26 07:44:52,402 [1] INFO  Neo.ApplicationFramework.Tools.Recipe.Recipe [(null)] - Recipe Default_Setting loaded.
2016-05-26 07:44:52,402 [1] INFO  Neo.ApplicationFramework.Tools.Recipe.Recipe [(null)] - LoadRecipe called on recipe
2016-05-26 07:44:52,402 [1] INFO  Neo.ApplicationFramework.Tools.Recipe.Recipe [(null)] - Recipe Current loaded.
2016-05-26 07:44:52,402 [1] INFO  Neo.ApplicationFramework.Tools.Recipe.Recipe [(null)] - LoadRecipe called on recipe
2016-05-26 07:44:52,402 [1] INFO  Neo.ApplicationFramework.Tools.Recipe.Recipe [(null)] - Recipe Current loaded.
2016-05-26 07:44:52,402 [1] INFO  Neo.ApplicationFramework.Tools.Recipe.Recipe [(null)] - LoadRecipe called on recipe
2016-05-26 07:44:52,402 [1] INFO  Neo.ApplicationFramework.Tools.Recipe.Recipe [(null)] - Recipe Current loaded.
2016-05-26 07:44:52,402 [1] INFO  Neo.ApplicationFramework.Tools.Recipe.Recipe [(null)] - LoadRecipe called on recipe
2016-05-26 07:44:52,402 [1] INFO  Neo.ApplicationFramework.Tools.Recipe.Recipe [(null)] - Recipe Current loaded.
2016-05-26 07:44:52,402 [1] INFO  Neo.ApplicationFramework.Tools.Recipe.Recipe [(null)] - LoadRecipe called on recipe
2016-05-26 07:44:52,402 [1] INFO  Neo.ApplicationFramework.Tools.Recipe.Recipe [(null)] - Recipe Current loaded.
2016-05-26 07:44:52,402 [1] INFO  Neo.ApplicationFramework.Tools.Recipe.Recipe [(null)] - LoadRecipe called on recipe
2016-05-26 07:44:52,402 [1] INFO  Neo.ApplicationFramework.Tools.Recipe.Recipe [(null)] - Recipe Current loaded.
2016-05-26 07:44:52,402 [1] INFO  Neo.ApplicationFramework.Tools.Recipe.Recipe [(null)] - LoadRecipe called on recipe
2016-05-26 07:44:52,402 [1] INFO  Neo.ApplicationFramework.Tools.Recipe.Recipe [(null)] - Recipe Current loaded.
2016-05-26 07:44:56,216 [1] ERROR Neo.ApplicationFramework.Tools.Backlight.BacklightController [(null)] - Failed to find registryKey HKEY_CURRENT_USER\ControlPanel\backlight
2016-05-26 07:44:56,217 [1] ERROR Neo.ApplicationFramework.Tools.Backlight.BacklightController [(null)] - Failed to find registryKey HKEY_CURRENT_USER\ControlPanel\backlight
2016-05-26 07:44:56,217 [1] ERROR Neo.ApplicationFramework.Tools.Backlight.BacklightController [(null)] - Failed to find registryKey HKEY_CURRENT_USER\ControlPanel\backlight
2016-05-26 07:44:56,217 [1] ERROR Neo.ApplicationFramework.Tools.Backlight.BacklightController [(null)] - Failed to find registryKey HKEY_CURRENT_USER\ControlPanel\backlight
2016-05-26 07:44:56,217 [1] ERROR Neo.ApplicationFramework.Tools.Backlight.BacklightController [(null)] - Failed to find registryKey HKEY_CURRENT_USER\ControlPanel\backlight
[Header Microsoft Windows NT 6.2.9200.0]
2016-05-26 07:45:08,683 [1] INFO  Core.Engine.ToolManager.Private.Tools [(null)] - Loaded tool: PlatformFactoryToolCF
2016-05-26 07:45:08,683 [1] INFO  Core.Engine.ToolManager.Private.Tools [(null)] - Loaded tool: FeatureSecurityToolCF
2016-05-26 07:45:08,699 [1] INFO  Core.Engine.ToolManager.Private.Tools [(null)] - Loaded tool: StorageToolCF
2016-05-26 07:45:08,699 [1] INFO  Core.Engine.ToolManager.Private.Tools [(null)] - Loaded tool: SqlCeDatabaseTool
2016-05-26 07:45:08,699 [1] INFO  Core.Engine.ToolManager.Private.Tools [(null)] - Loaded tool: SQLiteDatabaseToolCF
2016-05-26 07:45:08,699 [1] INFO  Core.Engine.ToolManager.Private.Tools [(null)] - Loaded tool: SplashServiceTool
2016-05-26 07:45:08,699 [1] INFO  Core.Engine.ToolManager.Private.Tools [(null)] - Loaded tool: DatabaseToolCF
2016-05-26 07:45:08,699 [1] INFO  Core.Engine.ToolManager.Private.Tools [(null)] - Loaded tool: MultiLanguageToolCF
2016-05-26 07:45:08,699 [1] INFO  Core.Engine.ToolManager.Private.Tools [(null)] - Loaded tool: MessageBoxToolCF
2016-05-26 07:45:08,699 [1] INFO  Core.Engine.ToolManager.Private.Tools [(null)] - Loaded tool: OpcClientToolCF
2016-05-26 07:45:08,699 [1] INFO  Core.Engine.ToolManager.Private.Tools [(null)] - Loaded tool: SystemTagToolCF
2016-05-26 07:45:08,699 [1] INFO  Core.Engine.ToolManager.Private.Tools [(null)] - Loaded tool: StorageClientToolCF
2016-05-26 07:45:08,699 [1] INFO  Core.Engine.ToolManager.Private.Tools [(null)] - Loaded tool: NonVolatileToolCF
2016-05-26 07:45:08,699 [1] INFO  Core.Engine.ToolManager.Private.Tools [(null)] - Loaded tool: ProjectTool
2016-05-26 07:45:08,699 [1] INFO  Core.Engine.ToolManager.Private.Tools [(null)] - Loaded tool: AlarmTool
2016-05-26 07:45:08,699 [1] INFO  Core.Engine.ToolManager.Private.Tools [(null)] - Loaded tool: AuditTrailToolCF
2016-05-26 07:45:08,699 [1] INFO  Core.Engine.ToolManager.Private.Tools [(null)] - Loaded tool: UserChangedAuditTrailToolCF
2016-05-26 07:45:08,699 [1] INFO  Core.Engine.ToolManager.Private.Tools [(null)] - Loaded tool: BacklightTool
2016-05-26 07:45:08,699 [1] INFO  Core.Engine.ToolManager.Private.Tools [(null)] - Loaded tool: BrandTool
2016-05-26 07:45:08,699 [1] INFO  Core.Engine.ToolManager.Private.Tools [(null)] - Loaded tool: CachedDataItemToolCF
2016-05-26 07:45:08,699 [1] INFO  Core.Engine.ToolManager.Private.Tools [(null)] - Loaded tool: DateTimeEditToolCF
2016-05-26 07:45:08,699 [1] INFO  Core.Engine.ToolManager.Private.Tools [(null)] - Loaded tool: DebugLoggerTool
2016-05-26 07:45:08,699 [1] INFO  Core.Engine.ToolManager.Private.Tools [(null)] - Loaded tool: DeviceManagerToolCF
2016-05-26 07:45:08,699 [1] INFO  Core.Engine.ToolManager.Private.Tools [(null)] - Loaded tool: DriverPropertiesToolCF
2016-05-26 07:45:08,699 [1] INFO  Core.Engine.ToolManager.Private.Tools [(null)] - Loaded tool: EmailSenderTool
2016-05-26 07:45:08,699 [1] INFO  Core.Engine.ToolManager.Private.Tools [(null)] - Loaded tool: LicenseToolCF
2016-05-26 07:45:08,699 [1] INFO  Core.Engine.ToolManager.Private.Tools [(null)] - Loaded tool: NativeToolCF
2016-05-26 07:45:08,699 [1] INFO  Core.Engine.ToolManager.Private.Tools [(null)] - Loaded tool: NetworkToolCF
2016-05-26 07:45:08,699 [1] INFO  Core.Engine.ToolManager.Private.Tools [(null)] - Loaded tool: PrinterToolCF
2016-05-26 07:45:08,699 [1] INFO  Core.Engine.ToolManager.Private.Tools [(null)] - Loaded tool: ProjectInformationToolCF
2016-05-26 07:45:08,699 [1] INFO  Core.Engine.ToolManager.Private.Tools [(null)] - Loaded tool: RecipeToolCF
2016-05-26 07:45:08,699 [1] INFO  Core.Engine.ToolManager.Private.Tools [(null)] - Loaded tool: RenderableControlTool
2016-05-26 07:45:08,699 [1] INFO  Core.Engine.ToolManager.Private.Tools [(null)] - Loaded tool: CommandLineTool
2016-05-26 07:45:08,715 [1] INFO  Core.Engine.ToolManager.Private.Tools [(null)] - Loaded tool: MessageFilterTool
2016-05-26 07:45:08,715 [1] INFO  Core.Engine.ToolManager.Private.Tools [(null)] - Loaded tool: NotifierService
2016-05-26 07:45:08,715 [1] INFO  Core.Engine.ToolManager.Private.Tools [(null)] - Loaded tool: PrintScreenToolCF
2016-05-26 07:45:08,717 [1] INFO  Core.Engine.ToolManager.Private.Tools [(null)] - Loaded tool: TimerToolCF
2016-05-26 07:45:08,717 [1] INFO  Core.Engine.ToolManager.Private.Tools [(null)] - Loaded tool: Run
2016-05-26 07:45:08,717 [1] INFO  Core.Engine.ToolManager.Private.Tools [(null)] - Loaded tool: SimulationTool
2016-05-26 07:45:08,717 [1] INFO  Core.Engine.ToolManager.Private.Tools [(null)] - Loaded tool: ScreenManager
2016-05-26 07:45:08,717 [1] INFO  Core.Engine.ToolManager.Private.Tools [(null)] - Loaded tool: SecurityManagerToolCF
2016-05-26 07:45:08,717 [1] INFO  Core.Engine.ToolManager.Private.Tools [(null)] - Loaded tool: ObjectSerializationToolCF
2016-05-26 07:45:08,717 [1] INFO  Core.Engine.ToolManager.Private.Tools [(null)] - Loaded tool: SMSSenderTool
2016-05-26 07:45:08,717 [1] INFO  Core.Engine.ToolManager.Private.Tools [(null)] - Loaded tool: StorageCacheTool
2016-05-26 07:45:08,717 [1] INFO  Core.Engine.ToolManager.Private.Tools [(null)] - Loaded tool: StructuredTypesToolCF
2016-05-26 07:45:08,717 [1] INFO  Core.Engine.ToolManager.Private.Tools [(null)] - Loaded tool: SymbolService
2016-05-26 07:45:08,717 [1] INFO  Core.Engine.ToolManager.Private.Tools [(null)] - Loaded tool: SystemInformationToolCF
2016-05-26 07:45:08,717 [1] INFO  Core.Engine.ToolManager.Private.Tools [(null)] - Loaded tool: KeyPanelConfigToolCF
2016-05-26 07:45:08,717 [1] INFO  Core.Engine.ToolManager.Private.Tools [(null)] - Loaded tool: ScopeToolCF
2016-05-26 07:45:08,717 [1] INFO  Core.Engine.ToolManager.Private.Tools [(null)] - Loaded tool: TimeInformationToolCF
2016-05-26 07:45:08,717 [1] INFO  Core.Engine.ToolManager.Private.Tools [(null)] - Loaded tool: TrendDataToolCF
2016-05-26 07:45:08,717 [1] INFO  Core.Engine.ToolManager.Private.Tools [(null)] - Loaded tool: WebServerConfigToolCF
2016-05-26 07:45:08,836 [1] INFO  BeHwApiProvider.LegacyToBeIncorporatedWithinIBeHwApiInTheLongRun.BeHwApiEx [(null)] - System.DllNotFoundException: Unable to load DLL 'BeHwApi.dll': The specified module could not be found. (Exception from HRESULT: 0x8007007E)
   at BeHwApiProvider.LegacyToBeIncorporatedWithinIBeHwApiInTheLongRun.BeHwApiEx.BeHWAPI_IsOptimus()
   at BeHwApiProvider.LegacyToBeIncorporatedWithinIBeHwApiInTheLongRun.BeHwApiEx.IsOptimus()
2016-05-26 07:45:08,836 [1] INFO  Neo.ApplicationFramework.Common.Runtime.GlobalsBase [(null)] - Version: 2.21.28.0
2016-05-26 07:45:08,836 [1] INFO  BeHwApiProvider.LegacyToBeIncorporatedWithinIBeHwApiInTheLongRun.BeHwApiEx [(null)] - System.DllNotFoundException: Unable to load DLL 'BeHwApi.dll': The specified module could not be found. (Exception from HRESULT: 0x8007007E)
   at BeHwApiProvider.LegacyToBeIncorporatedWithinIBeHwApiInTheLongRun.BeHwApiEx.BeHWAPI_IsOptimus()
   at BeHwApiProvider.LegacyToBeIncorporatedWithinIBeHwApiInTheLongRun.BeHwApiEx.IsOptimus()
2016-05-26 07:45:08,836 [1] INFO  Core.Engine.ToolManager.Private.ToolMgrCF [(null)] - Initializing ToolManager
2016-05-26 07:45:08,868 [1] INFO  BeHwApiProvider.LegacyToBeIncorporatedWithinIBeHwApiInTheLongRun.BeHwApiEx [(null)] - System.DllNotFoundException: Unable to load DLL 'BeHwApi.dll': The specified module could not be found. (Exception from HRESULT: 0x8007007E)
   at BeHwApiProvider.LegacyToBeIncorporatedWithinIBeHwApiInTheLongRun.BeHwApiEx.BeHWAPI_IsOptimus()
   at BeHwApiProvider.LegacyToBeIncorporatedWithinIBeHwApiInTheLongRun.BeHwApiEx.IsOptimus()
2016-05-26 07:45:09,130 [1] INFO  Neo.ApplicationFramework.Storage.Providers.CommonDatabase.CommonDatabaseBase [(null)] - Database: Integrity check started.
2016-05-26 07:45:09,131 [1] INFO  Neo.ApplicationFramework.Storage.Providers.CommonDatabase.CommonDatabaseBase [(null)] - Database: Integrity check finished without errors.
2016-05-26 07:45:09,458 [1] INFO  Neo.ApplicationFramework.Storage.Providers.CommonDatabase.CommonDatabaseBase [(null)] - Database: Cleanup started.
2016-05-26 07:45:09,690 [1] INFO  Neo.ApplicationFramework.Storage.Providers.CommonDatabase.CommonDatabaseBase [(null)] - Database: Cleanup recovered 0 bytes.
2016-05-26 07:45:09,995 [1] INFO  Neo.ApplicationFramework.Storage.Providers.CommonDatabase.CommonDatabaseBase [(null)] - NonVolatileDatabase: Integrity check started.
2016-05-26 07:45:09,995 [1] INFO  Neo.ApplicationFramework.Storage.Providers.CommonDatabase.CommonDatabaseBase [(null)] - NonVolatileDatabase: Integrity check finished without errors.
2016-05-26 07:45:10,237 [1] INFO  Neo.ApplicationFramework.Storage.Providers.CommonDatabase.CommonDatabaseBase [(null)] - NonVolatileDatabase: Cleanup started.
2016-05-26 07:45:10,495 [1] INFO  Neo.ApplicationFramework.Storage.Providers.CommonDatabase.CommonDatabaseBase [(null)] - NonVolatileDatabase: Cleanup recovered 0 bytes.
2016-05-26 07:45:10,768 [1] INFO  Neo.ApplicationFramework.Tools.Reporting.Reports [(null)] - Loading support for reporting with type of FlexCel.XlsAdapter.XlsFile.
2016-05-26 07:45:10,836 [1] ERROR Neo.ApplicationFramework.Tools.Backlight.BacklightController [(null)] - Failed to find registryKey HKEY_CURRENT_USER\ControlPanel\backlight
2016-05-26 07:45:10,836 [1] ERROR Neo.ApplicationFramework.Tools.Backlight.BacklightController [(null)] - Failed to find registryKey HKEY_CURRENT_USER\ControlPanel\backlight
2016-05-26 07:45:11,171 [1] INFO  Neo.ApplicationFramework.Tools.Recipe.Recipe [(null)] - LoadRecipe called on recipe
2016-05-26 07:45:11,171 [1] INFO  Neo.ApplicationFramework.Tools.Recipe.Recipe [(null)] - Recipe Default_Setting loaded.
2016-05-26 07:45:11,187 [1] INFO  Neo.ApplicationFramework.Tools.Recipe.Recipe [(null)] - LoadRecipe called on recipe
2016-05-26 07:45:11,187 [1] INFO  Neo.ApplicationFramework.Tools.Recipe.Recipe [(null)] - Recipe Current loaded.
2016-05-26 07:45:11,187 [1] INFO  Neo.ApplicationFramework.Tools.Recipe.Recipe [(null)] - LoadRecipe called on recipe
2016-05-26 07:45:11,187 [1] INFO  Neo.ApplicationFramework.Tools.Recipe.Recipe [(null)] - Recipe Current loaded.
2016-05-26 07:45:11,187 [1] INFO  Neo.ApplicationFramework.Tools.Recipe.Recipe [(null)] - LoadRecipe called on recipe
2016-05-26 07:45:11,187 [1] INFO  Neo.ApplicationFramework.Tools.Recipe.Recipe [(null)] - Recipe Current loaded.
2016-05-26 07:45:11,187 [1] INFO  Neo.ApplicationFramework.Tools.Recipe.Recipe [(null)] - LoadRecipe called on recipe
2016-05-26 07:45:11,187 [1] INFO  Neo.ApplicationFramework.Tools.Recipe.Recipe [(null)] - Recipe Current loaded.
2016-05-26 07:45:11,187 [1] INFO  Neo.ApplicationFramework.Tools.Recipe.Recipe [(null)] - LoadRecipe called on recipe
2016-05-26 07:45:11,187 [1] INFO  Neo.ApplicationFramework.Tools.Recipe.Recipe [(null)] - Recipe Current loaded.
2016-05-26 07:45:11,187 [1] INFO  Neo.ApplicationFramework.Tools.Recipe.Recipe [(null)] - LoadRecipe called on recipe
2016-05-26 07:45:11,187 [1] INFO  Neo.ApplicationFramework.Tools.Recipe.Recipe [(null)] - Recipe Current loaded.
2016-05-26 07:45:11,187 [1] INFO  Neo.ApplicationFramework.Tools.Recipe.Recipe [(null)] - LoadRecipe called on recipe
2016-05-26 07:45:11,187 [1] INFO  Neo.ApplicationFramework.Tools.Recipe.Recipe [(null)] - Recipe Current loaded.
2016-05-26 07:45:16,154 [1] ERROR Neo.ApplicationFramework.Tools.Backlight.BacklightController [(null)] - Failed to find registryKey HKEY_CURRENT_USER\ControlPanel\backlight
2016-05-26 07:45:31,664 [1] INFO  Neo.ApplicationFramework.Tools.Recipe.Recipe [(null)] - SaveRecipe called on recipe
2016-05-26 07:45:31,780 [1] INFO  Neo.ApplicationFramework.Tools.Recipe.Recipe [(null)] - Recipe Default_Setting saved.
2016-05-26 07:45:34,736 [1] INFO  Neo.ApplicationFramework.Tools.Recipe.Recipe [(null)] - SaveRecipe called on recipe
2016-05-26 07:45:34,828 [1] INFO  Neo.ApplicationFramework.Tools.Recipe.Recipe [(null)] - Recipe Default_Setting saved.
2016-05-26 07:45:35,959 [1] INFO  Neo.ApplicationFramework.Tools.Recipe.Recipe [(null)] - SaveRecipe called on recipe
2016-05-26 07:45:36,064 [1] INFO  Neo.ApplicationFramework.Tools.Recipe.Recipe [(null)] - Recipe Default_Setting saved.
2016-05-26 07:45:37,220 [1] INFO  Neo.ApplicationFramework.Tools.Recipe.Recipe [(null)] - SaveRecipe called on recipe
2016-05-26 07:45:37,320 [1] INFO  Neo.ApplicationFramework.Tools.Recipe.Recipe [(null)] - Recipe Default_Setting saved.
2016-05-26 07:45:38,519 [1] INFO  Neo.ApplicationFramework.Tools.Recipe.Recipe [(null)] - SaveRecipe called on recipe
2016-05-26 07:45:38,623 [1] INFO  Neo.ApplicationFramework.Tools.Recipe.Recipe [(null)] - Recipe Default_Setting saved.
2016-05-26 07:47:10,320 [1] ERROR Neo.ApplicationFramework.Tools.Backlight.BacklightController [(null)] - Failed to find registryKey HKEY_CURRENT_USER\ControlPanel\backlight
2016-05-26 07:47:10,320 [1] ERROR Neo.ApplicationFramework.Tools.Backlight.BacklightController [(null)] - Failed to find registryKey HKEY_CURRENT_USER\ControlPanel\backlight
2016-05-26 07:47:10,320 [1] ERROR Neo.ApplicationFramework.Tools.Backlight.BacklightController [(null)] - Failed to find registryKey HKEY_CURRENT_USER\ControlPanel\backlight
2016-05-26 07:47:10,320 [1] ERROR Neo.ApplicationFramework.Tools.Backlight.BacklightController [(null)] - Failed to find registryKey HKEY_CURRENT_USER\ControlPanel\backlight
2016-05-26 07:47:10,320 [1] ERROR Neo.ApplicationFramework.Tools.Backlight.BacklightController [(null)] - Failed to find registryKey HKEY_CURRENT_USER\ControlPanel\backlight
[Header Microsoft Windows NT 6.2.9200.0]
2016-05-26 07:52:14,609 [1] INFO  Core.Engine.ToolManager.Private.Tools [(null)] - Loaded tool: PlatformFactoryToolCF
2016-05-26 07:52:14,609 [1] INFO  Core.Engine.ToolManager.Private.Tools [(null)] - Loaded tool: FeatureSecurityToolCF
2016-05-26 07:52:14,609 [1] INFO  Core.Engine.ToolManager.Private.Tools [(null)] - Loaded tool: StorageToolCF
2016-05-26 07:52:14,609 [1] INFO  Core.Engine.ToolManager.Private.Tools [(null)] - Loaded tool: SqlCeDatabaseTool
2016-05-26 07:52:14,609 [1] INFO  Core.Engine.ToolManager.Private.Tools [(null)] - Loaded tool: SQLiteDatabaseToolCF
2016-05-26 07:52:14,609 [1] INFO  Core.Engine.ToolManager.Private.Tools [(null)] - Loaded tool: SplashServiceTool
2016-05-26 07:52:14,609 [1] INFO  Core.Engine.ToolManager.Private.Tools [(null)] - Loaded tool: DatabaseToolCF
2016-05-26 07:52:14,609 [1] INFO  Core.Engine.ToolManager.Private.Tools [(null)] - Loaded tool: MultiLanguageToolCF
2016-05-26 07:52:14,609 [1] INFO  Core.Engine.ToolManager.Private.Tools [(null)] - Loaded tool: MessageBoxToolCF
2016-05-26 07:52:14,609 [1] INFO  Core.Engine.ToolManager.Private.Tools [(null)] - Loaded tool: OpcClientToolCF
2016-05-26 07:52:14,609 [1] INFO  Core.Engine.ToolManager.Private.Tools [(null)] - Loaded tool: SystemTagToolCF
2016-05-26 07:52:14,625 [1] INFO  Core.Engine.ToolManager.Private.Tools [(null)] - Loaded tool: StorageClientToolCF
2016-05-26 07:52:14,625 [1] INFO  Core.Engine.ToolManager.Private.Tools [(null)] - Loaded tool: NonVolatileToolCF
2016-05-26 07:52:14,625 [1] INFO  Core.Engine.ToolManager.Private.Tools [(null)] - Loaded tool: ProjectTool
2016-05-26 07:52:14,625 [1] INFO  Core.Engine.ToolManager.Private.Tools [(null)] - Loaded tool: AlarmTool
2016-05-26 07:52:14,625 [1] INFO  Core.Engine.ToolManager.Private.Tools [(null)] - Loaded tool: AuditTrailToolCF
2016-05-26 07:52:14,625 [1] INFO  Core.Engine.ToolManager.Private.Tools [(null)] - Loaded tool: UserChangedAuditTrailToolCF
2016-05-26 07:52:14,625 [1] INFO  Core.Engine.ToolManager.Private.Tools [(null)] - Loaded tool: BacklightTool
2016-05-26 07:52:14,625 [1] INFO  Core.Engine.ToolManager.Private.Tools [(null)] - Loaded tool: BrandTool
2016-05-26 07:52:14,625 [1] INFO  Core.Engine.ToolManager.Private.Tools [(null)] - Loaded tool: CachedDataItemToolCF
2016-05-26 07:52:14,625 [1] INFO  Core.Engine.ToolManager.Private.Tools [(null)] - Loaded tool: DateTimeEditToolCF
2016-05-26 07:52:14,625 [1] INFO  Core.Engine.ToolManager.Private.Tools [(null)] - Loaded tool: DebugLoggerTool
2016-05-26 07:52:14,625 [1] INFO  Core.Engine.ToolManager.Private.Tools [(null)] - Loaded tool: DeviceManagerToolCF
2016-05-26 07:52:14,625 [1] INFO  Core.Engine.ToolManager.Private.Tools [(null)] - Loaded tool: DriverPropertiesToolCF
2016-05-26 07:52:14,625 [1] INFO  Core.Engine.ToolManager.Private.Tools [(null)] - Loaded tool: EmailSenderTool
2016-05-26 07:52:14,625 [1] INFO  Core.Engine.ToolManager.Private.Tools [(null)] - Loaded tool: LicenseToolCF
2016-05-26 07:52:14,625 [1] INFO  Core.Engine.ToolManager.Private.Tools [(null)] - Loaded tool: NativeToolCF
2016-05-26 07:52:14,625 [1] INFO  Core.Engine.ToolManager.Private.Tools [(null)] - Loaded tool: NetworkToolCF
2016-05-26 07:52:14,625 [1] INFO  Core.Engine.ToolManager.Private.Tools [(null)] - Loaded tool: PrinterToolCF
2016-05-26 07:52:14,625 [1] INFO  Core.Engine.ToolManager.Private.Tools [(null)] - Loaded tool: ProjectInformationToolCF
2016-05-26 07:52:14,625 [1] INFO  Core.Engine.ToolManager.Private.Tools [(null)] - Loaded tool: RecipeToolCF
2016-05-26 07:52:14,625 [1] INFO  Core.Engine.ToolManager.Private.Tools [(null)] - Loaded tool: RenderableControlTool
2016-05-26 07:52:14,625 [1] INFO  Core.Engine.ToolManager.Private.Tools [(null)] - Loaded tool: CommandLineTool
2016-05-26 07:52:14,625 [1] INFO  Core.Engine.ToolManager.Private.Tools [(null)] - Loaded tool: MessageFilterTool
2016-05-26 07:52:14,625 [1] INFO  Core.Engine.ToolManager.Private.Tools [(null)] - Loaded tool: NotifierService
2016-05-26 07:52:14,625 [1] INFO  Core.Engine.ToolManager.Private.Tools [(null)] - Loaded tool: PrintScreenToolCF
2016-05-26 07:52:14,625 [1] INFO  Core.Engine.ToolManager.Private.Tools [(null)] - Loaded tool: TimerToolCF
2016-05-26 07:52:14,625 [1] INFO  Core.Engine.ToolManager.Private.Tools [(null)] - Loaded tool: Run
2016-05-26 07:52:14,625 [1] INFO  Core.Engine.ToolManager.Private.Tools [(null)] - Loaded tool: SimulationTool
2016-05-26 07:52:14,625 [1] INFO  Core.Engine.ToolManager.Private.Tools [(null)] - Loaded tool: ScreenManager
2016-05-26 07:52:14,625 [1] INFO  Core.Engine.ToolManager.Private.Tools [(null)] - Loaded tool: SecurityManagerToolCF
2016-05-26 07:52:14,625 [1] INFO  Core.Engine.ToolManager.Private.Tools [(null)] - Loaded tool: ObjectSerializationToolCF
2016-05-26 07:52:14,625 [1] INFO  Core.Engine.ToolManager.Private.Tools [(null)] - Loaded tool: SMSSenderTool
2016-05-26 07:52:14,625 [1] INFO  Core.Engine.ToolManager.Private.Tools [(null)] - Loaded tool: StorageCacheTool
2016-05-26 07:52:14,625 [1] INFO  Core.Engine.ToolManager.Private.Tools [(null)] - Loaded tool: StructuredTypesToolCF
2016-05-26 07:52:14,625 [1] INFO  Core.Engine.ToolManager.Private.Tools [(null)] - Loaded tool: SymbolService
2016-05-26 07:52:14,625 [1] INFO  Core.Engine.ToolManager.Private.Tools [(null)] - Loaded tool: SystemInformationToolCF
2016-05-26 07:52:14,625 [1] INFO  Core.Engine.ToolManager.Private.Tools [(null)] - Loaded tool: KeyPanelConfigToolCF
2016-05-26 07:52:14,625 [1] INFO  Core.Engine.ToolManager.Private.Tools [(null)] - Loaded tool: ScopeToolCF
2016-05-26 07:52:14,625 [1] INFO  Core.Engine.ToolManager.Private.Tools [(null)] - Loaded tool: TimeInformationToolCF
2016-05-26 07:52:14,625 [1] INFO  Core.Engine.ToolManager.Private.Tools [(null)] - Loaded tool: TrendDataToolCF
2016-05-26 07:52:14,625 [1] INFO  Core.Engine.ToolManager.Private.Tools [(null)] - Loaded tool: WebServerConfigToolCF
2016-05-26 07:52:14,757 [1] INFO  BeHwApiProvider.LegacyToBeIncorporatedWithinIBeHwApiInTheLongRun.BeHwApiEx [(null)] - System.DllNotFoundException: Unable to load DLL 'BeHwApi.dll': The specified module could not be found. (Exception from HRESULT: 0x8007007E)
   at BeHwApiProvider.LegacyToBeIncorporatedWithinIBeHwApiInTheLongRun.BeHwApiEx.BeHWAPI_IsOptimus()
   at BeHwApiProvider.LegacyToBeIncorporatedWithinIBeHwApiInTheLongRun.BeHwApiEx.IsOptimus()
2016-05-26 07:52:14,757 [1] INFO  Neo.ApplicationFramework.Common.Runtime.GlobalsBase [(null)] - Version: 2.21.28.0
2016-05-26 07:52:14,757 [1] INFO  BeHwApiProvider.LegacyToBeIncorporatedWithinIBeHwApiInTheLongRun.BeHwApiEx [(null)] - System.DllNotFoundException: Unable to load DLL 'BeHwApi.dll': The specified module could not be found. (Exception from HRESULT: 0x8007007E)
   at BeHwApiProvider.LegacyToBeIncorporatedWithinIBeHwApiInTheLongRun.BeHwApiEx.BeHWAPI_IsOptimus()
   at BeHwApiProvider.LegacyToBeIncorporatedWithinIBeHwApiInTheLongRun.BeHwApiEx.IsOptimus()
2016-05-26 07:52:14,757 [1] INFO  Core.Engine.ToolManager.Private.ToolMgrCF [(null)] - Initializing ToolManager
2016-05-26 07:52:14,809 [1] INFO  BeHwApiProvider.LegacyToBeIncorporatedWithinIBeHwApiInTheLongRun.BeHwApiEx [(null)] - System.DllNotFoundException: Unable to load DLL 'BeHwApi.dll': The specified module could not be found. (Exception from HRESULT: 0x8007007E)
   at BeHwApiProvider.LegacyToBeIncorporatedWithinIBeHwApiInTheLongRun.BeHwApiEx.BeHWAPI_IsOptimus()
   at BeHwApiProvider.LegacyToBeIncorporatedWithinIBeHwApiInTheLongRun.BeHwApiEx.IsOptimus()
2016-05-26 07:52:15,372 [1] INFO  Neo.ApplicationFramework.Storage.Providers.CommonDatabase.CommonDatabaseBase [(null)] - Database: Integrity check started.
2016-05-26 07:52:15,389 [1] INFO  Neo.ApplicationFramework.Storage.Providers.CommonDatabase.CommonDatabaseBase [(null)] - Database: Integrity check finished without errors.
2016-05-26 07:52:15,392 [1] INFO  Neo.ApplicationFramework.Storage.Providers.CommonDatabase.CommonDatabaseBase [(null)] - Database: Database created.
2016-05-26 07:52:15,725 [1] INFO  Neo.ApplicationFramework.Storage.Providers.CommonDatabase.CommonDatabaseBase [(null)] - Database: Cleanup started.
2016-05-26 07:52:16,043 [1] INFO  Neo.ApplicationFramework.Storage.Providers.CommonDatabase.CommonDatabaseBase [(null)] - Database: Cleanup recovered 12480 bytes.
2016-05-26 07:52:16,343 [1] INFO  Neo.ApplicationFramework.Tools.Reporting.Reports [(null)] - Loading support for reporting with type of FlexCel.XlsAdapter.XlsFile.
2016-05-26 07:52:16,627 [9] INFO  Neo.ApplicationFramework.Storage.Providers.CommonDatabase.CommonDatabaseBase [(null)] - NonVolatileDatabase: Integrity check started.
2016-05-26 07:52:16,627 [9] INFO  Neo.ApplicationFramework.Storage.Providers.CommonDatabase.CommonDatabaseBase [(null)] - NonVolatileDatabase: Integrity check finished without errors.
2016-05-26 07:52:16,627 [9] INFO  Neo.ApplicationFramework.Storage.Providers.CommonDatabase.CommonDatabaseBase [(null)] - NonVolatileDatabase: Database created.
2016-05-26 07:52:16,912 [1] ERROR Neo.ApplicationFramework.Tools.Backlight.BacklightController [(null)] - Failed to find registryKey HKEY_CURRENT_USER\ControlPanel\backlight
2016-05-26 07:52:16,912 [1] ERROR Neo.ApplicationFramework.Tools.Backlight.BacklightController [(null)] - Failed to find registryKey HKEY_CURRENT_USER\ControlPanel\backlight
2016-05-26 07:52:17,143 [1] INFO  Neo.ApplicationFramework.Tools.Recipe.Recipe [(null)] - Updating recipe runtime data in 'DefaultSettings'
2016-05-26 07:52:17,292 [1] INFO  Neo.ApplicationFramework.Tools.Recipe.Recipe [(null)] - Updating recipe runtime data in 'InternalSettings'
2016-05-26 07:52:17,397 [1] INFO  Neo.ApplicationFramework.Tools.Recipe.Recipe [(null)] - Updating recipe runtime data in 'PersistentVariables'
2016-05-26 07:52:17,530 [1] INFO  Neo.ApplicationFramework.Tools.Recipe.Recipe [(null)] - Updating recipe runtime data in 'DecimalSettings'
2016-05-26 07:52:17,662 [1] INFO  Neo.ApplicationFramework.Tools.Recipe.Recipe [(null)] - Updating recipe runtime data in 'FilterSettingMid'
2016-05-26 07:52:17,820 [1] INFO  Neo.ApplicationFramework.Tools.Recipe.Recipe [(null)] - Updating recipe runtime data in 'StabSettingMid'
2016-05-26 07:52:17,935 [1] INFO  Neo.ApplicationFramework.Tools.Recipe.Recipe [(null)] - Updating recipe runtime data in 'StabSettingLow'
2016-05-26 07:52:18,054 [1] INFO  Neo.ApplicationFramework.Tools.Recipe.Recipe [(null)] - Updating recipe runtime data in 'FilterSettingLow'
2016-05-26 07:52:18,370 [1] INFO  Neo.ApplicationFramework.Tools.Recipe.Recipe [(null)] - LoadRecipe called on recipe
2016-05-26 07:52:18,386 [1] INFO  Neo.ApplicationFramework.Tools.Recipe.Recipe [(null)] - Recipe Default_Setting loaded.
2016-05-26 07:52:18,386 [1] INFO  Neo.ApplicationFramework.Tools.Recipe.Recipe [(null)] - LoadRecipe called on recipe
2016-05-26 07:52:18,386 [1] INFO  Neo.ApplicationFramework.Tools.Recipe.Recipe [(null)] - Recipe Current loaded.
2016-05-26 07:52:18,386 [1] INFO  Neo.ApplicationFramework.Tools.Recipe.Recipe [(null)] - LoadRecipe called on recipe
2016-05-26 07:52:18,386 [1] INFO  Neo.ApplicationFramework.Tools.Recipe.Recipe [(null)] - Recipe Current loaded.
2016-05-26 07:52:18,386 [1] INFO  Neo.ApplicationFramework.Tools.Recipe.Recipe [(null)] - LoadRecipe called on recipe
2016-05-26 07:52:18,386 [1] INFO  Neo.ApplicationFramework.Tools.Recipe.Recipe [(null)] - Recipe Current loaded.
2016-05-26 07:52:18,386 [1] INFO  Neo.ApplicationFramework.Tools.Recipe.Recipe [(null)] - LoadRecipe called on recipe
2016-05-26 07:52:18,386 [1] INFO  Neo.ApplicationFramework.Tools.Recipe.Recipe [(null)] - Recipe Current loaded.
2016-05-26 07:52:18,386 [1] INFO  Neo.ApplicationFramework.Tools.Recipe.Recipe [(null)] - LoadRecipe called on recipe
2016-05-26 07:52:18,386 [1] INFO  Neo.ApplicationFramework.Tools.Recipe.Recipe [(null)] - Recipe Current loaded.
2016-05-26 07:52:18,386 [1] INFO  Neo.ApplicationFramework.Tools.Recipe.Recipe [(null)] - LoadRecipe called on recipe
2016-05-26 07:52:18,386 [1] INFO  Neo.ApplicationFramework.Tools.Recipe.Recipe [(null)] - Recipe Current loaded.
2016-05-26 07:52:18,386 [1] INFO  Neo.ApplicationFramework.Tools.Recipe.Recipe [(null)] - LoadRecipe called on recipe
2016-05-26 07:52:18,386 [1] INFO  Neo.ApplicationFramework.Tools.Recipe.Recipe [(null)] - Recipe Current loaded.
2016-05-26 07:52:23,329 [1] ERROR Neo.ApplicationFramework.Tools.Backlight.BacklightController [(null)] - Failed to find registryKey HKEY_CURRENT_USER\ControlPanel\backlight
2016-05-26 07:52:26,814 [1] ERROR Neo.ApplicationFramework.Tools.Backlight.BacklightController [(null)] - Failed to find registryKey HKEY_CURRENT_USER\ControlPanel\backlight
2016-05-26 07:52:26,815 [1] ERROR Neo.ApplicationFramework.Tools.Backlight.BacklightController [(null)] - Failed to find registryKey HKEY_CURRENT_USER\ControlPanel\backlight
2016-05-26 07:52:26,816 [1] ERROR Neo.ApplicationFramework.Tools.Backlight.BacklightController [(null)] - Failed to find registryKey HKEY_CURRENT_USER\ControlPanel\backlight
2016-05-26 07:52:26,817 [1] ERROR Neo.ApplicationFramework.Tools.Backlight.BacklightController [(null)] - Failed to find registryKey HKEY_CURRENT_USER\ControlPanel\backlight
2016-05-26 07:52:26,817 [1] ERROR Neo.ApplicationFramework.Tools.Backlight.BacklightController [(null)] - Failed to find registryKey HKEY_CURRENT_USER\ControlPanel\backlight
[Header Microsoft Windows NT 6.2.9200.0]
2016-05-26 07:52:27,784 [1] INFO  Core.Engine.ToolManager.Private.Tools [(null)] - Loaded tool: PlatformFactoryToolCF
2016-05-26 07:52:27,784 [1] INFO  Core.Engine.ToolManager.Private.Tools [(null)] - Loaded tool: FeatureSecurityToolCF
2016-05-26 07:52:27,784 [1] INFO  Core.Engine.ToolManager.Private.Tools [(null)] - Loaded tool: StorageToolCF
2016-05-26 07:52:27,784 [1] INFO  Core.Engine.ToolManager.Private.Tools [(null)] - Loaded tool: SqlCeDatabaseTool
2016-05-26 07:52:27,784 [1] INFO  Core.Engine.ToolManager.Private.Tools [(null)] - Loaded tool: SQLiteDatabaseToolCF
2016-05-26 07:52:27,784 [1] INFO  Core.Engine.ToolManager.Private.Tools [(null)] - Loaded tool: SplashServiceTool
2016-05-26 07:52:27,784 [1] INFO  Core.Engine.ToolManager.Private.Tools [(null)] - Loaded tool: DatabaseToolCF
2016-05-26 07:52:27,784 [1] INFO  Core.Engine.ToolManager.Private.Tools [(null)] - Loaded tool: MultiLanguageToolCF
2016-05-26 07:52:27,784 [1] INFO  Core.Engine.ToolManager.Private.Tools [(null)] - Loaded tool: MessageBoxToolCF
2016-05-26 07:52:27,784 [1] INFO  Core.Engine.ToolManager.Private.Tools [(null)] - Loaded tool: OpcClientToolCF
2016-05-26 07:52:27,784 [1] INFO  Core.Engine.ToolManager.Private.Tools [(null)] - Loaded tool: SystemTagToolCF
2016-05-26 07:52:27,784 [1] INFO  Core.Engine.ToolManager.Private.Tools [(null)] - Loaded tool: StorageClientToolCF
2016-05-26 07:52:27,784 [1] INFO  Core.Engine.ToolManager.Private.Tools [(null)] - Loaded tool: NonVolatileToolCF
2016-05-26 07:52:27,784 [1] INFO  Core.Engine.ToolManager.Private.Tools [(null)] - Loaded tool: ProjectTool
2016-05-26 07:52:27,784 [1] INFO  Core.Engine.ToolManager.Private.Tools [(null)] - Loaded tool: AlarmTool
2016-05-26 07:52:27,784 [1] INFO  Core.Engine.ToolManager.Private.Tools [(null)] - Loaded tool: AuditTrailToolCF
2016-05-26 07:52:27,800 [1] INFO  Core.Engine.ToolManager.Private.Tools [(null)] - Loaded tool: UserChangedAuditTrailToolCF
2016-05-26 07:52:27,800 [1] INFO  Core.Engine.ToolManager.Private.Tools [(null)] - Loaded tool: BacklightTool
2016-05-26 07:52:27,800 [1] INFO  Core.Engine.ToolManager.Private.Tools [(null)] - Loaded tool: BrandTool
2016-05-26 07:52:27,800 [1] INFO  Core.Engine.ToolManager.Private.Tools [(null)] - Loaded tool: CachedDataItemToolCF
2016-05-26 07:52:27,800 [1] INFO  Core.Engine.ToolManager.Private.Tools [(null)] - Loaded tool: DateTimeEditToolCF
2016-05-26 07:52:27,800 [1] INFO  Core.Engine.ToolManager.Private.Tools [(null)] - Loaded tool: DebugLoggerTool
2016-05-26 07:52:27,800 [1] INFO  Core.Engine.ToolManager.Private.Tools [(null)] - Loaded tool: DeviceManagerToolCF
2016-05-26 07:52:27,800 [1] INFO  Core.Engine.ToolManager.Private.Tools [(null)] - Loaded tool: DriverPropertiesToolCF
2016-05-26 07:52:27,800 [1] INFO  Core.Engine.ToolManager.Private.Tools [(null)] - Loaded tool: EmailSenderTool
2016-05-26 07:52:27,800 [1] INFO  Core.Engine.ToolManager.Private.Tools [(null)] - Loaded tool: LicenseToolCF
2016-05-26 07:52:27,800 [1] INFO  Core.Engine.ToolManager.Private.Tools [(null)] - Loaded tool: NativeToolCF
2016-05-26 07:52:27,800 [1] INFO  Core.Engine.ToolManager.Private.Tools [(null)] - Loaded tool: NetworkToolCF
2016-05-26 07:52:27,800 [1] INFO  Core.Engine.ToolManager.Private.Tools [(null)] - Loaded tool: PrinterToolCF
2016-05-26 07:52:27,800 [1] INFO  Core.Engine.ToolManager.Private.Tools [(null)] - Loaded tool: ProjectInformationToolCF
2016-05-26 07:52:27,800 [1] INFO  Core.Engine.ToolManager.Private.Tools [(null)] - Loaded tool: RecipeToolCF
2016-05-26 07:52:27,800 [1] INFO  Core.Engine.ToolManager.Private.Tools [(null)] - Loaded tool: RenderableControlTool
2016-05-26 07:52:27,800 [1] INFO  Core.Engine.ToolManager.Private.Tools [(null)] - Loaded tool: CommandLineTool
2016-05-26 07:52:27,800 [1] INFO  Core.Engine.ToolManager.Private.Tools [(null)] - Loaded tool: MessageFilterTool
2016-05-26 07:52:27,800 [1] INFO  Core.Engine.ToolManager.Private.Tools [(null)] - Loaded tool: NotifierService
2016-05-26 07:52:27,800 [1] INFO  Core.Engine.ToolManager.Private.Tools [(null)] - Loaded tool: PrintScreenToolCF
2016-05-26 07:52:27,800 [1] INFO  Core.Engine.ToolManager.Private.Tools [(null)] - Loaded tool: TimerToolCF
2016-05-26 07:52:27,800 [1] INFO  Core.Engine.ToolManager.Private.Tools [(null)] - Loaded tool: Run
2016-05-26 07:52:27,800 [1] INFO  Core.Engine.ToolManager.Private.Tools [(null)] - Loaded tool: SimulationTool
2016-05-26 07:52:27,800 [1] INFO  Core.Engine.ToolManager.Private.Tools [(null)] - Loaded tool: ScreenManager
2016-05-26 07:52:27,800 [1] INFO  Core.Engine.ToolManager.Private.Tools [(null)] - Loaded tool: SecurityManagerToolCF
2016-05-26 07:52:27,800 [1] INFO  Core.Engine.ToolManager.Private.Tools [(null)] - Loaded tool: ObjectSerializationToolCF
2016-05-26 07:52:27,800 [1] INFO  Core.Engine.ToolManager.Private.Tools [(null)] - Loaded tool: SMSSenderTool
2016-05-26 07:52:27,800 [1] INFO  Core.Engine.ToolManager.Private.Tools [(null)] - Loaded tool: StorageCacheTool
2016-05-26 07:52:27,800 [1] INFO  Core.Engine.ToolManager.Private.Tools [(null)] - Loaded tool: StructuredTypesToolCF
2016-05-26 07:52:27,800 [1] INFO  Core.Engine.ToolManager.Private.Tools [(null)] - Loaded tool: SymbolService
2016-05-26 07:52:27,800 [1] INFO  Core.Engine.ToolManager.Private.Tools [(null)] - Loaded tool: SystemInformationToolCF
2016-05-26 07:52:27,800 [1] INFO  Core.Engine.ToolManager.Private.Tools [(null)] - Loaded tool: KeyPanelConfigToolCF
2016-05-26 07:52:27,800 [1] INFO  Core.Engine.ToolManager.Private.Tools [(null)] - Loaded tool: ScopeToolCF
2016-05-26 07:52:27,800 [1] INFO  Core.Engine.ToolManager.Private.Tools [(null)] - Loaded tool: TimeInformationToolCF
2016-05-26 07:52:27,800 [1] INFO  Core.Engine.ToolManager.Private.Tools [(null)] - Loaded tool: TrendDataToolCF
2016-05-26 07:52:27,800 [1] INFO  Core.Engine.ToolManager.Private.Tools [(null)] - Loaded tool: WebServerConfigToolCF
2016-05-26 07:52:27,942 [1] INFO  BeHwApiProvider.LegacyToBeIncorporatedWithinIBeHwApiInTheLongRun.BeHwApiEx [(null)] - System.DllNotFoundException: Unable to load DLL 'BeHwApi.dll': The specified module could not be found. (Exception from HRESULT: 0x8007007E)
   at BeHwApiProvider.LegacyToBeIncorporatedWithinIBeHwApiInTheLongRun.BeHwApiEx.BeHWAPI_IsOptimus()
   at BeHwApiProvider.LegacyToBeIncorporatedWithinIBeHwApiInTheLongRun.BeHwApiEx.IsOptimus()
2016-05-26 07:52:27,944 [1] INFO  Neo.ApplicationFramework.Common.Runtime.GlobalsBase [(null)] - Version: 2.21.28.0
2016-05-26 07:52:27,948 [1] INFO  BeHwApiProvider.LegacyToBeIncorporatedWithinIBeHwApiInTheLongRun.BeHwApiEx [(null)] - System.DllNotFoundException: Unable to load DLL 'BeHwApi.dll': The specified module could not be found. (Exception from HRESULT: 0x8007007E)
   at BeHwApiProvider.LegacyToBeIncorporatedWithinIBeHwApiInTheLongRun.BeHwApiEx.BeHWAPI_IsOptimus()
   at BeHwApiProvider.LegacyToBeIncorporatedWithinIBeHwApiInTheLongRun.BeHwApiEx.IsOptimus()
2016-05-26 07:52:27,952 [1] INFO  Core.Engine.ToolManager.Private.ToolMgrCF [(null)] - Initializing ToolManager
2016-05-26 07:52:27,971 [1] INFO  BeHwApiProvider.LegacyToBeIncorporatedWithinIBeHwApiInTheLongRun.BeHwApiEx [(null)] - System.DllNotFoundException: Unable to load DLL 'BeHwApi.dll': The specified module could not be found. (Exception from HRESULT: 0x8007007E)
   at BeHwApiProvider.LegacyToBeIncorporatedWithinIBeHwApiInTheLongRun.BeHwApiEx.BeHWAPI_IsOptimus()
   at BeHwApiProvider.LegacyToBeIncorporatedWithinIBeHwApiInTheLongRun.BeHwApiEx.IsOptimus()
2016-05-26 07:52:28,220 [1] INFO  Neo.ApplicationFramework.Storage.Providers.CommonDatabase.CommonDatabaseBase [(null)] - Database: Integrity check started.
2016-05-26 07:52:28,221 [1] INFO  Neo.ApplicationFramework.Storage.Providers.CommonDatabase.CommonDatabaseBase [(null)] - Database: Integrity check finished without errors.
2016-05-26 07:52:28,544 [1] INFO  Neo.ApplicationFramework.Storage.Providers.CommonDatabase.CommonDatabaseBase [(null)] - Database: Cleanup started.
2016-05-26 07:52:28,791 [1] INFO  Neo.ApplicationFramework.Storage.Providers.CommonDatabase.CommonDatabaseBase [(null)] - Database: Cleanup recovered 0 bytes.
2016-05-26 07:52:29,060 [1] INFO  Neo.ApplicationFramework.Storage.Providers.CommonDatabase.CommonDatabaseBase [(null)] - NonVolatileDatabase: Integrity check started.
2016-05-26 07:52:29,060 [1] INFO  Neo.ApplicationFramework.Storage.Providers.CommonDatabase.CommonDatabaseBase [(null)] - NonVolatileDatabase: Integrity check finished without errors.
2016-05-26 07:52:29,306 [1] INFO  Neo.ApplicationFramework.Storage.Providers.CommonDatabase.CommonDatabaseBase [(null)] - NonVolatileDatabase: Cleanup started.
2016-05-26 07:52:29,791 [1] INFO  Neo.ApplicationFramework.Storage.Providers.CommonDatabase.CommonDatabaseBase [(null)] - NonVolatileDatabase: Cleanup recovered 0 bytes.
2016-05-26 07:52:30,076 [1] INFO  Neo.ApplicationFramework.Tools.Reporting.Reports [(null)] - Loading support for reporting with type of FlexCel.XlsAdapter.XlsFile.
2016-05-26 07:52:30,145 [1] ERROR Neo.ApplicationFramework.Tools.Backlight.BacklightController [(null)] - Failed to find registryKey HKEY_CURRENT_USER\ControlPanel\backlight
2016-05-26 07:52:30,145 [1] ERROR Neo.ApplicationFramework.Tools.Backlight.BacklightController [(null)] - Failed to find registryKey HKEY_CURRENT_USER\ControlPanel\backlight
2016-05-26 07:52:30,479 [1] INFO  Neo.ApplicationFramework.Tools.Recipe.Recipe [(null)] - LoadRecipe called on recipe
2016-05-26 07:52:30,495 [1] INFO  Neo.ApplicationFramework.Tools.Recipe.Recipe [(null)] - Recipe Default_Setting loaded.
2016-05-26 07:52:30,495 [1] INFO  Neo.ApplicationFramework.Tools.Recipe.Recipe [(null)] - LoadRecipe called on recipe
2016-05-26 07:52:30,495 [1] INFO  Neo.ApplicationFramework.Tools.Recipe.Recipe [(null)] - Recipe Current loaded.
2016-05-26 07:52:30,495 [1] INFO  Neo.ApplicationFramework.Tools.Recipe.Recipe [(null)] - LoadRecipe called on recipe
2016-05-26 07:52:30,495 [1] INFO  Neo.ApplicationFramework.Tools.Recipe.Recipe [(null)] - Recipe Current loaded.
2016-05-26 07:52:30,495 [1] INFO  Neo.ApplicationFramework.Tools.Recipe.Recipe [(null)] - LoadRecipe called on recipe
2016-05-26 07:52:30,495 [1] INFO  Neo.ApplicationFramework.Tools.Recipe.Recipe [(null)] - Recipe Current loaded.
2016-05-26 07:52:30,495 [1] INFO  Neo.ApplicationFramework.Tools.Recipe.Recipe [(null)] - LoadRecipe called on recipe
2016-05-26 07:52:30,495 [1] INFO  Neo.ApplicationFramework.Tools.Recipe.Recipe [(null)] - Recipe Current loaded.
2016-05-26 07:52:30,495 [1] INFO  Neo.ApplicationFramework.Tools.Recipe.Recipe [(null)] - LoadRecipe called on recipe
2016-05-26 07:52:30,495 [1] INFO  Neo.ApplicationFramework.Tools.Recipe.Recipe [(null)] - Recipe Current loaded.
2016-05-26 07:52:30,495 [1] INFO  Neo.ApplicationFramework.Tools.Recipe.Recipe [(null)] - LoadRecipe called on recipe
2016-05-26 07:52:30,495 [1] INFO  Neo.ApplicationFramework.Tools.Recipe.Recipe [(null)] - Recipe Current loaded.
2016-05-26 07:52:30,495 [1] INFO  Neo.ApplicationFramework.Tools.Recipe.Recipe [(null)] - LoadRecipe called on recipe
2016-05-26 07:52:30,495 [1] INFO  Neo.ApplicationFramework.Tools.Recipe.Recipe [(null)] - Recipe Current loaded.
2016-05-26 07:52:35,441 [1] ERROR Neo.ApplicationFramework.Tools.Backlight.BacklightController [(null)] - Failed to find registryKey HKEY_CURRENT_USER\ControlPanel\backlight
2016-05-26 07:52:53,341 [1] INFO  Neo.ApplicationFramework.Tools.Recipe.Recipe [(null)] - SaveRecipe called on recipe
2016-05-26 07:52:53,478 [1] INFO  Neo.ApplicationFramework.Tools.Recipe.Recipe [(null)] - Recipe Default_Setting saved.
2016-05-26 07:52:54,660 [1] INFO  Neo.ApplicationFramework.Tools.Recipe.Recipe [(null)] - SaveRecipe called on recipe
2016-05-26 07:52:54,797 [1] INFO  Neo.ApplicationFramework.Tools.Recipe.Recipe [(null)] - Recipe Default_Setting saved.
2016-05-26 07:52:55,934 [1] INFO  Neo.ApplicationFramework.Tools.Recipe.Recipe [(null)] - SaveRecipe called on recipe
2016-05-26 07:52:56,022 [1] INFO  Neo.ApplicationFramework.Tools.Recipe.Recipe [(null)] - Recipe Default_Setting saved.
2016-05-26 07:52:56,926 [1] INFO  Neo.ApplicationFramework.Tools.Recipe.Recipe [(null)] - SaveRecipe called on recipe
2016-05-26 07:52:57,042 [1] INFO  Neo.ApplicationFramework.Tools.Recipe.Recipe [(null)] - Recipe Default_Setting saved.
2016-05-26 07:52:57,675 [1] INFO  Neo.ApplicationFramework.Tools.Recipe.Recipe [(null)] - SaveRecipe called on recipe
2016-05-26 07:52:57,777 [1] INFO  Neo.ApplicationFramework.Tools.Recipe.Recipe [(null)] - Recipe Default_Setting saved.
2016-05-26 07:52:59,756 [1] INFO  Neo.ApplicationFramework.Tools.Recipe.Recipe [(null)] - SaveRecipe called on recipe
2016-05-26 07:52:59,872 [1] INFO  Neo.ApplicationFramework.Tools.Recipe.Recipe [(null)] - Recipe Current saved.
2016-05-26 07:57:37,362 [1] ERROR Neo.ApplicationFramework.Tools.Backlight.BacklightController [(null)] - Failed to find registryKey HKEY_CURRENT_USER\ControlPanel\backlight
2016-05-26 07:57:37,362 [1] ERROR Neo.ApplicationFramework.Tools.Backlight.BacklightController [(null)] - Failed to find registryKey HKEY_CURRENT_USER\ControlPanel\backlight
2016-05-26 07:57:37,362 [1] ERROR Neo.ApplicationFramework.Tools.Backlight.BacklightController [(null)] - Failed to find registryKey HKEY_CURRENT_USER\ControlPanel\backlight
2016-05-26 07:57:37,362 [1] ERROR Neo.ApplicationFramework.Tools.Backlight.BacklightController [(null)] - Failed to find registryKey HKEY_CURRENT_USER\ControlPanel\backlight
2016-05-26 07:57:37,362 [1] ERROR Neo.ApplicationFramework.Tools.Backlight.BacklightController [(null)] - Failed to find registryKey HKEY_CURRENT_USER\ControlPanel\backlight
[Header Microsoft Windows NT 6.2.9200.0]
2016-05-26 08:21:13,561 [1] INFO  Core.Engine.ToolManager.Private.Tools [(null)] - Loaded tool: PlatformFactoryToolCF
2016-05-26 08:21:13,561 [1] INFO  Core.Engine.ToolManager.Private.Tools [(null)] - Loaded tool: FeatureSecurityToolCF
2016-05-26 08:21:13,561 [1] INFO  Core.Engine.ToolManager.Private.Tools [(null)] - Loaded tool: StorageToolCF
2016-05-26 08:21:13,576 [1] INFO  Core.Engine.ToolManager.Private.Tools [(null)] - Loaded tool: SqlCeDatabaseTool
2016-05-26 08:21:13,576 [1] INFO  Core.Engine.ToolManager.Private.Tools [(null)] - Loaded tool: SQLiteDatabaseToolCF
2016-05-26 08:21:13,576 [1] INFO  Core.Engine.ToolManager.Private.Tools [(null)] - Loaded tool: SplashServiceTool
2016-05-26 08:21:13,576 [1] INFO  Core.Engine.ToolManager.Private.Tools [(null)] - Loaded tool: DatabaseToolCF
2016-05-26 08:21:13,576 [1] INFO  Core.Engine.ToolManager.Private.Tools [(null)] - Loaded tool: MultiLanguageToolCF
2016-05-26 08:21:13,576 [1] INFO  Core.Engine.ToolManager.Private.Tools [(null)] - Loaded tool: MessageBoxToolCF
2016-05-26 08:21:13,576 [1] INFO  Core.Engine.ToolManager.Private.Tools [(null)] - Loaded tool: OpcClientToolCF
2016-05-26 08:21:13,576 [1] INFO  Core.Engine.ToolManager.Private.Tools [(null)] - Loaded tool: SystemTagToolCF
2016-05-26 08:21:13,576 [1] INFO  Core.Engine.ToolManager.Private.Tools [(null)] - Loaded tool: StorageClientToolCF
2016-05-26 08:21:13,576 [1] INFO  Core.Engine.ToolManager.Private.Tools [(null)] - Loaded tool: NonVolatileToolCF
2016-05-26 08:21:13,576 [1] INFO  Core.Engine.ToolManager.Private.Tools [(null)] - Loaded tool: ProjectTool
2016-05-26 08:21:13,576 [1] INFO  Core.Engine.ToolManager.Private.Tools [(null)] - Loaded tool: AlarmTool
2016-05-26 08:21:13,576 [1] INFO  Core.Engine.ToolManager.Private.Tools [(null)] - Loaded tool: AuditTrailToolCF
2016-05-26 08:21:13,576 [1] INFO  Core.Engine.ToolManager.Private.Tools [(null)] - Loaded tool: UserChangedAuditTrailToolCF
2016-05-26 08:21:13,576 [1] INFO  Core.Engine.ToolManager.Private.Tools [(null)] - Loaded tool: BacklightTool
2016-05-26 08:21:13,576 [1] INFO  Core.Engine.ToolManager.Private.Tools [(null)] - Loaded tool: BrandTool
2016-05-26 08:21:13,576 [1] INFO  Core.Engine.ToolManager.Private.Tools [(null)] - Loaded tool: CachedDataItemToolCF
2016-05-26 08:21:13,576 [1] INFO  Core.Engine.ToolManager.Private.Tools [(null)] - Loaded tool: DateTimeEditToolCF
2016-05-26 08:21:13,576 [1] INFO  Core.Engine.ToolManager.Private.Tools [(null)] - Loaded tool: DebugLoggerTool
2016-05-26 08:21:13,576 [1] INFO  Core.Engine.ToolManager.Private.Tools [(null)] - Loaded tool: DeviceManagerToolCF
2016-05-26 08:21:13,576 [1] INFO  Core.Engine.ToolManager.Private.Tools [(null)] - Loaded tool: DriverPropertiesToolCF
2016-05-26 08:21:13,576 [1] INFO  Core.Engine.ToolManager.Private.Tools [(null)] - Loaded tool: EmailSenderTool
2016-05-26 08:21:13,576 [1] INFO  Core.Engine.ToolManager.Private.Tools [(null)] - Loaded tool: LicenseToolCF
2016-05-26 08:21:13,576 [1] INFO  Core.Engine.ToolManager.Private.Tools [(null)] - Loaded tool: NativeToolCF
2016-05-26 08:21:13,576 [1] INFO  Core.Engine.ToolManager.Private.Tools [(null)] - Loaded tool: NetworkToolCF
2016-05-26 08:21:13,576 [1] INFO  Core.Engine.ToolManager.Private.Tools [(null)] - Loaded tool: PrinterToolCF
2016-05-26 08:21:13,576 [1] INFO  Core.Engine.ToolManager.Private.Tools [(null)] - Loaded tool: ProjectInformationToolCF
2016-05-26 08:21:13,576 [1] INFO  Core.Engine.ToolManager.Private.Tools [(null)] - Loaded tool: RecipeToolCF
2016-05-26 08:21:13,576 [1] INFO  Core.Engine.ToolManager.Private.Tools [(null)] - Loaded tool: RenderableControlTool
2016-05-26 08:21:13,576 [1] INFO  Core.Engine.ToolManager.Private.Tools [(null)] - Loaded tool: CommandLineTool
2016-05-26 08:21:13,576 [1] INFO  Core.Engine.ToolManager.Private.Tools [(null)] - Loaded tool: MessageFilterTool
2016-05-26 08:21:13,576 [1] INFO  Core.Engine.ToolManager.Private.Tools [(null)] - Loaded tool: NotifierService
2016-05-26 08:21:13,576 [1] INFO  Core.Engine.ToolManager.Private.Tools [(null)] - Loaded tool: PrintScreenToolCF
2016-05-26 08:21:13,576 [1] INFO  Core.Engine.ToolManager.Private.Tools [(null)] - Loaded tool: TimerToolCF
2016-05-26 08:21:13,576 [1] INFO  Core.Engine.ToolManager.Private.Tools [(null)] - Loaded tool: Run
2016-05-26 08:21:13,576 [1] INFO  Core.Engine.ToolManager.Private.Tools [(null)] - Loaded tool: SimulationTool
2016-05-26 08:21:13,576 [1] INFO  Core.Engine.ToolManager.Private.Tools [(null)] - Loaded tool: ScreenManager
2016-05-26 08:21:13,576 [1] INFO  Core.Engine.ToolManager.Private.Tools [(null)] - Loaded tool: SecurityManagerToolCF
2016-05-26 08:21:13,576 [1] INFO  Core.Engine.ToolManager.Private.Tools [(null)] - Loaded tool: ObjectSerializationToolCF
2016-05-26 08:21:13,576 [1] INFO  Core.Engine.ToolManager.Private.Tools [(null)] - Loaded tool: SMSSenderTool
2016-05-26 08:21:13,576 [1] INFO  Core.Engine.ToolManager.Private.Tools [(null)] - Loaded tool: StorageCacheTool
2016-05-26 08:21:13,576 [1] INFO  Core.Engine.ToolManager.Private.Tools [(null)] - Loaded tool: StructuredTypesToolCF
2016-05-26 08:21:13,592 [1] INFO  Core.Engine.ToolManager.Private.Tools [(null)] - Loaded tool: SymbolService
2016-05-26 08:21:13,592 [1] INFO  Core.Engine.ToolManager.Private.Tools [(null)] - Loaded tool: SystemInformationToolCF
2016-05-26 08:21:13,592 [1] INFO  Core.Engine.ToolManager.Private.Tools [(null)] - Loaded tool: KeyPanelConfigToolCF
2016-05-26 08:21:13,592 [1] INFO  Core.Engine.ToolManager.Private.Tools [(null)] - Loaded tool: ScopeToolCF
2016-05-26 08:21:13,592 [1] INFO  Core.Engine.ToolManager.Private.Tools [(null)] - Loaded tool: TimeInformationToolCF
2016-05-26 08:21:13,592 [1] INFO  Core.Engine.ToolManager.Private.Tools [(null)] - Loaded tool: TrendDataToolCF
2016-05-26 08:21:13,592 [1] INFO  Core.Engine.ToolManager.Private.Tools [(null)] - Loaded tool: WebServerConfigToolCF
2016-05-26 08:21:13,708 [1] INFO  BeHwApiProvider.LegacyToBeIncorporatedWithinIBeHwApiInTheLongRun.BeHwApiEx [(null)] - System.DllNotFoundException: Unable to load DLL 'BeHwApi.dll': The specified module could not be found. (Exception from HRESULT: 0x8007007E)
   at BeHwApiProvider.LegacyToBeIncorporatedWithinIBeHwApiInTheLongRun.BeHwApiEx.BeHWAPI_IsOptimus()
   at BeHwApiProvider.LegacyToBeIncorporatedWithinIBeHwApiInTheLongRun.BeHwApiEx.IsOptimus()
2016-05-26 08:21:13,708 [1] INFO  Neo.ApplicationFramework.Common.Runtime.GlobalsBase [(null)] - Version: 2.21.28.0
2016-05-26 08:21:13,708 [1] INFO  BeHwApiProvider.LegacyToBeIncorporatedWithinIBeHwApiInTheLongRun.BeHwApiEx [(null)] - System.DllNotFoundException: Unable to load DLL 'BeHwApi.dll': The specified module could not be found. (Exception from HRESULT: 0x8007007E)
   at BeHwApiProvider.LegacyToBeIncorporatedWithinIBeHwApiInTheLongRun.BeHwApiEx.BeHWAPI_IsOptimus()
   at BeHwApiProvider.LegacyToBeIncorporatedWithinIBeHwApiInTheLongRun.BeHwApiEx.IsOptimus()
2016-05-26 08:21:13,708 [1] INFO  Core.Engine.ToolManager.Private.ToolMgrCF [(null)] - Initializing ToolManager
2016-05-26 08:21:13,745 [1] INFO  BeHwApiProvider.LegacyToBeIncorporatedWithinIBeHwApiInTheLongRun.BeHwApiEx [(null)] - System.DllNotFoundException: Unable to load DLL 'BeHwApi.dll': The specified module could not be found. (Exception from HRESULT: 0x8007007E)
   at BeHwApiProvider.LegacyToBeIncorporatedWithinIBeHwApiInTheLongRun.BeHwApiEx.BeHWAPI_IsOptimus()
   at BeHwApiProvider.LegacyToBeIncorporatedWithinIBeHwApiInTheLongRun.BeHwApiEx.IsOptimus()
2016-05-26 08:21:14,012 [1] INFO  Neo.ApplicationFramework.Storage.Providers.CommonDatabase.CommonDatabaseBase [(null)] - Database: Integrity check started.
2016-05-26 08:21:14,012 [1] INFO  Neo.ApplicationFramework.Storage.Providers.CommonDatabase.CommonDatabaseBase [(null)] - Database: Integrity check finished without errors.
2016-05-26 08:21:14,012 [1] INFO  Neo.ApplicationFramework.Storage.Providers.CommonDatabase.CommonDatabaseBase [(null)] - Database: Database created.
2016-05-26 08:21:14,148 [1] INFO  Neo.ApplicationFramework.Storage.Providers.CommonDatabase.CommonDatabaseBase [(null)] - Database: Cleanup started.
2016-05-26 08:21:14,251 [1] INFO  Neo.ApplicationFramework.Storage.Providers.CommonDatabase.CommonDatabaseBase [(null)] - Database: Cleanup recovered 12480 bytes.
2016-05-26 08:21:14,429 [9] INFO  Neo.ApplicationFramework.Storage.Providers.CommonDatabase.CommonDatabaseBase [(null)] - NonVolatileDatabase: Integrity check started.
2016-05-26 08:21:14,429 [9] INFO  Neo.ApplicationFramework.Storage.Providers.CommonDatabase.CommonDatabaseBase [(null)] - NonVolatileDatabase: Integrity check finished without errors.
2016-05-26 08:21:14,444 [9] INFO  Neo.ApplicationFramework.Storage.Providers.CommonDatabase.CommonDatabaseBase [(null)] - NonVolatileDatabase: Database created.
2016-05-26 08:21:14,482 [1] INFO  Neo.ApplicationFramework.Tools.Reporting.Reports [(null)] - Loading support for reporting with type of FlexCel.XlsAdapter.XlsFile.
2016-05-26 08:21:14,566 [1] ERROR Neo.ApplicationFramework.Tools.Backlight.BacklightController [(null)] - Failed to find registryKey HKEY_CURRENT_USER\ControlPanel\backlight
2016-05-26 08:21:14,566 [1] ERROR Neo.ApplicationFramework.Tools.Backlight.BacklightController [(null)] - Failed to find registryKey HKEY_CURRENT_USER\ControlPanel\backlight
2016-05-26 08:21:14,697 [1] INFO  Neo.ApplicationFramework.Tools.Recipe.Recipe [(null)] - Updating recipe runtime data in 'DefaultSettings'
2016-05-26 08:21:14,729 [1] INFO  Neo.ApplicationFramework.Tools.Recipe.Recipe [(null)] - Updating recipe runtime data in 'InternalSettings'
2016-05-26 08:21:14,768 [1] INFO  Neo.ApplicationFramework.Tools.Recipe.Recipe [(null)] - Updating recipe runtime data in 'PersistentVariables'
2016-05-26 08:21:14,815 [1] INFO  Neo.ApplicationFramework.Tools.Recipe.Recipe [(null)] - Updating recipe runtime data in 'DecimalSettings'
2016-05-26 08:21:14,851 [1] INFO  Neo.ApplicationFramework.Tools.Recipe.Recipe [(null)] - Updating recipe runtime data in 'FilterSettingMid'
2016-05-26 08:21:14,900 [1] INFO  Neo.ApplicationFramework.Tools.Recipe.Recipe [(null)] - Updating recipe runtime data in 'StabSettingMid'
2016-05-26 08:21:14,947 [1] INFO  Neo.ApplicationFramework.Tools.Recipe.Recipe [(null)] - Updating recipe runtime data in 'StabSettingLow'
2016-05-26 08:21:14,969 [1] INFO  Neo.ApplicationFramework.Tools.Recipe.Recipe [(null)] - Updating recipe runtime data in 'FilterSettingLow'
2016-05-26 08:21:15,169 [1] INFO  Neo.ApplicationFramework.Tools.Recipe.Recipe [(null)] - LoadRecipe called on recipe
2016-05-26 08:21:15,185 [1] INFO  Neo.ApplicationFramework.Tools.Recipe.Recipe [(null)] - Recipe Default_Setting loaded.
2016-05-26 08:21:15,185 [1] INFO  Neo.ApplicationFramework.Tools.Recipe.Recipe [(null)] - LoadRecipe called on recipe
2016-05-26 08:21:15,185 [1] INFO  Neo.ApplicationFramework.Tools.Recipe.Recipe [(null)] - Recipe Current loaded.
2016-05-26 08:21:15,185 [1] INFO  Neo.ApplicationFramework.Tools.Recipe.Recipe [(null)] - LoadRecipe called on recipe
2016-05-26 08:21:15,185 [1] INFO  Neo.ApplicationFramework.Tools.Recipe.Recipe [(null)] - Recipe Current loaded.
2016-05-26 08:21:15,185 [1] INFO  Neo.ApplicationFramework.Tools.Recipe.Recipe [(null)] - LoadRecipe called on recipe
2016-05-26 08:21:15,185 [1] INFO  Neo.ApplicationFramework.Tools.Recipe.Recipe [(null)] - Recipe Current loaded.
2016-05-26 08:21:15,185 [1] INFO  Neo.ApplicationFramework.Tools.Recipe.Recipe [(null)] - LoadRecipe called on recipe
2016-05-26 08:21:15,185 [1] INFO  Neo.ApplicationFramework.Tools.Recipe.Recipe [(null)] - Recipe Current loaded.
2016-05-26 08:21:15,185 [1] INFO  Neo.ApplicationFramework.Tools.Recipe.Recipe [(null)] - LoadRecipe called on recipe
2016-05-26 08:21:15,185 [1] INFO  Neo.ApplicationFramework.Tools.Recipe.Recipe [(null)] - Recipe Current loaded.
2016-05-26 08:21:15,185 [1] INFO  Neo.ApplicationFramework.Tools.Recipe.Recipe [(null)] - LoadRecipe called on recipe
2016-05-26 08:21:15,185 [1] INFO  Neo.ApplicationFramework.Tools.Recipe.Recipe [(null)] - Recipe Current loaded.
2016-05-26 08:21:15,185 [1] INFO  Neo.ApplicationFramework.Tools.Recipe.Recipe [(null)] - LoadRecipe called on recipe
2016-05-26 08:21:15,185 [1] INFO  Neo.ApplicationFramework.Tools.Recipe.Recipe [(null)] - Recipe Current loaded.
2016-05-26 08:21:20,141 [1] ERROR Neo.ApplicationFramework.Tools.Backlight.BacklightController [(null)] - Failed to find registryKey HKEY_CURRENT_USER\ControlPanel\backlight
2016-05-26 08:21:25,196 [1] ERROR Neo.ApplicationFramework.Tools.Backlight.BacklightController [(null)] - Failed to find registryKey HKEY_CURRENT_USER\ControlPanel\backlight
2016-05-26 08:21:25,196 [1] ERROR Neo.ApplicationFramework.Tools.Backlight.BacklightController [(null)] - Failed to find registryKey HKEY_CURRENT_USER\ControlPanel\backlight
2016-05-26 08:21:25,196 [1] ERROR Neo.ApplicationFramework.Tools.Backlight.BacklightController [(null)] - Failed to find registryKey HKEY_CURRENT_USER\ControlPanel\backlight
2016-05-26 08:21:25,196 [1] ERROR Neo.ApplicationFramework.Tools.Backlight.BacklightController [(null)] - Failed to find registryKey HKEY_CURRENT_USER\ControlPanel\backlight
2016-05-26 08:21:25,196 [1] ERROR Neo.ApplicationFramework.Tools.Backlight.BacklightController [(null)] - Failed to find registryKey HKEY_CURRENT_USER\ControlPanel\backlight
[Header Microsoft Windows NT 6.2.9200.0]
2016-05-26 12:50:26,843 [1] INFO  Core.Engine.ToolManager.Private.Tools [(null)] - Loaded tool: PlatformFactoryToolCF
2016-05-26 12:50:26,858 [1] INFO  Core.Engine.ToolManager.Private.Tools [(null)] - Loaded tool: FeatureSecurityToolCF
2016-05-26 12:50:26,858 [1] INFO  Core.Engine.ToolManager.Private.Tools [(null)] - Loaded tool: StorageToolCF
2016-05-26 12:50:26,858 [1] INFO  Core.Engine.ToolManager.Private.Tools [(null)] - Loaded tool: SqlCeDatabaseTool
2016-05-26 12:50:26,858 [1] INFO  Core.Engine.ToolManager.Private.Tools [(null)] - Loaded tool: SQLiteDatabaseToolCF
2016-05-26 12:50:26,858 [1] INFO  Core.Engine.ToolManager.Private.Tools [(null)] - Loaded tool: SplashServiceTool
2016-05-26 12:50:26,858 [1] INFO  Core.Engine.ToolManager.Private.Tools [(null)] - Loaded tool: DatabaseToolCF
2016-05-26 12:50:26,858 [1] INFO  Core.Engine.ToolManager.Private.Tools [(null)] - Loaded tool: MultiLanguageToolCF
2016-05-26 12:50:26,858 [1] INFO  Core.Engine.ToolManager.Private.Tools [(null)] - Loaded tool: MessageBoxToolCF
2016-05-26 12:50:26,858 [1] INFO  Core.Engine.ToolManager.Private.Tools [(null)] - Loaded tool: OpcClientToolCF
2016-05-26 12:50:26,858 [1] INFO  Core.Engine.ToolManager.Private.Tools [(null)] - Loaded tool: SystemTagToolCF
2016-05-26 12:50:26,858 [1] INFO  Core.Engine.ToolManager.Private.Tools [(null)] - Loaded tool: StorageClientToolCF
2016-05-26 12:50:26,858 [1] INFO  Core.Engine.ToolManager.Private.Tools [(null)] - Loaded tool: NonVolatileToolCF
2016-05-26 12:50:26,858 [1] INFO  Core.Engine.ToolManager.Private.Tools [(null)] - Loaded tool: ProjectTool
2016-05-26 12:50:26,858 [1] INFO  Core.Engine.ToolManager.Private.Tools [(null)] - Loaded tool: AlarmTool
2016-05-26 12:50:26,858 [1] INFO  Core.Engine.ToolManager.Private.Tools [(null)] - Loaded tool: AuditTrailToolCF
2016-05-26 12:50:26,858 [1] INFO  Core.Engine.ToolManager.Private.Tools [(null)] - Loaded tool: UserChangedAuditTrailToolCF
2016-05-26 12:50:26,858 [1] INFO  Core.Engine.ToolManager.Private.Tools [(null)] - Loaded tool: BacklightTool
2016-05-26 12:50:26,858 [1] INFO  Core.Engine.ToolManager.Private.Tools [(null)] - Loaded tool: BrandTool
2016-05-26 12:50:26,858 [1] INFO  Core.Engine.ToolManager.Private.Tools [(null)] - Loaded tool: CachedDataItemToolCF
2016-05-26 12:50:26,858 [1] INFO  Core.Engine.ToolManager.Private.Tools [(null)] - Loaded tool: DateTimeEditToolCF
2016-05-26 12:50:26,858 [1] INFO  Core.Engine.ToolManager.Private.Tools [(null)] - Loaded tool: DebugLoggerTool
2016-05-26 12:50:26,858 [1] INFO  Core.Engine.ToolManager.Private.Tools [(null)] - Loaded tool: DeviceManagerToolCF
2016-05-26 12:50:26,858 [1] INFO  Core.Engine.ToolManager.Private.Tools [(null)] - Loaded tool: DriverPropertiesToolCF
2016-05-26 12:50:26,874 [1] INFO  Core.Engine.ToolManager.Private.Tools [(null)] - Loaded tool: EmailSenderTool
2016-05-26 12:50:26,874 [1] INFO  Core.Engine.ToolManager.Private.Tools [(null)] - Loaded tool: LicenseToolCF
2016-05-26 12:50:26,874 [1] INFO  Core.Engine.ToolManager.Private.Tools [(null)] - Loaded tool: NativeToolCF
2016-05-26 12:50:26,874 [1] INFO  Core.Engine.ToolManager.Private.Tools [(null)] - Loaded tool: NetworkToolCF
2016-05-26 12:50:26,874 [1] INFO  Core.Engine.ToolManager.Private.Tools [(null)] - Loaded tool: PrinterToolCF
2016-05-26 12:50:26,874 [1] INFO  Core.Engine.ToolManager.Private.Tools [(null)] - Loaded tool: ProjectInformationToolCF
2016-05-26 12:50:26,874 [1] INFO  Core.Engine.ToolManager.Private.Tools [(null)] - Loaded tool: RecipeToolCF
2016-05-26 12:50:26,874 [1] INFO  Core.Engine.ToolManager.Private.Tools [(null)] - Loaded tool: RenderableControlTool
2016-05-26 12:50:26,874 [1] INFO  Core.Engine.ToolManager.Private.Tools [(null)] - Loaded tool: CommandLineTool
2016-05-26 12:50:26,874 [1] INFO  Core.Engine.ToolManager.Private.Tools [(null)] - Loaded tool: MessageFilterTool
2016-05-26 12:50:26,874 [1] INFO  Core.Engine.ToolManager.Private.Tools [(null)] - Loaded tool: NotifierService
2016-05-26 12:50:26,874 [1] INFO  Core.Engine.ToolManager.Private.Tools [(null)] - Loaded tool: PrintScreenToolCF
2016-05-26 12:50:26,874 [1] INFO  Core.Engine.ToolManager.Private.Tools [(null)] - Loaded tool: TimerToolCF
2016-05-26 12:50:26,874 [1] INFO  Core.Engine.ToolManager.Private.Tools [(null)] - Loaded tool: Run
2016-05-26 12:50:26,874 [1] INFO  Core.Engine.ToolManager.Private.Tools [(null)] - Loaded tool: SimulationTool
2016-05-26 12:50:26,874 [1] INFO  Core.Engine.ToolManager.Private.Tools [(null)] - Loaded tool: ScreenManager
2016-05-26 12:50:26,874 [1] INFO  Core.Engine.ToolManager.Private.Tools [(null)] - Loaded tool: SecurityManagerToolCF
2016-05-26 12:50:26,874 [1] INFO  Core.Engine.ToolManager.Private.Tools [(null)] - Loaded tool: ObjectSerializationToolCF
2016-05-26 12:50:26,874 [1] INFO  Core.Engine.ToolManager.Private.Tools [(null)] - Loaded tool: SMSSenderTool
2016-05-26 12:50:26,874 [1] INFO  Core.Engine.ToolManager.Private.Tools [(null)] - Loaded tool: StorageCacheTool
2016-05-26 12:50:26,874 [1] INFO  Core.Engine.ToolManager.Private.Tools [(null)] - Loaded tool: StructuredTypesToolCF
2016-05-26 12:50:26,874 [1] INFO  Core.Engine.ToolManager.Private.Tools [(null)] - Loaded tool: SymbolService
2016-05-26 12:50:26,874 [1] INFO  Core.Engine.ToolManager.Private.Tools [(null)] - Loaded tool: SystemInformationToolCF
2016-05-26 12:50:26,874 [1] INFO  Core.Engine.ToolManager.Private.Tools [(null)] - Loaded tool: KeyPanelConfigToolCF
2016-05-26 12:50:26,874 [1] INFO  Core.Engine.ToolManager.Private.Tools [(null)] - Loaded tool: ScopeToolCF
2016-05-26 12:50:26,874 [1] INFO  Core.Engine.ToolManager.Private.Tools [(null)] - Loaded tool: TimeInformationToolCF
2016-05-26 12:50:26,874 [1] INFO  Core.Engine.ToolManager.Private.Tools [(null)] - Loaded tool: TrendDataToolCF
2016-05-26 12:50:26,874 [1] INFO  Core.Engine.ToolManager.Private.Tools [(null)] - Loaded tool: WebServerConfigToolCF
2016-05-26 12:50:26,990 [1] INFO  BeHwApiProvider.LegacyToBeIncorporatedWithinIBeHwApiInTheLongRun.BeHwApiEx [(null)] - System.DllNotFoundException: Unable to load DLL 'BeHwApi.dll': The specified module could not be found. (Exception from HRESULT: 0x8007007E)
   at BeHwApiProvider.LegacyToBeIncorporatedWithinIBeHwApiInTheLongRun.BeHwApiEx.BeHWAPI_IsOptimus()
   at BeHwApiProvider.LegacyToBeIncorporatedWithinIBeHwApiInTheLongRun.BeHwApiEx.IsOptimus()
2016-05-26 12:50:27,005 [1] INFO  Neo.ApplicationFramework.Common.Runtime.GlobalsBase [(null)] - Version: 2.21.28.0
2016-05-26 12:50:27,005 [1] INFO  BeHwApiProvider.LegacyToBeIncorporatedWithinIBeHwApiInTheLongRun.BeHwApiEx [(null)] - System.DllNotFoundException: Unable to load DLL 'BeHwApi.dll': The specified module could not be found. (Exception from HRESULT: 0x8007007E)
   at BeHwApiProvider.LegacyToBeIncorporatedWithinIBeHwApiInTheLongRun.BeHwApiEx.BeHWAPI_IsOptimus()
   at BeHwApiProvider.LegacyToBeIncorporatedWithinIBeHwApiInTheLongRun.BeHwApiEx.IsOptimus()
2016-05-26 12:50:27,005 [1] INFO  Core.Engine.ToolManager.Private.ToolMgrCF [(null)] - Initializing ToolManager
2016-05-26 12:50:27,051 [1] INFO  BeHwApiProvider.LegacyToBeIncorporatedWithinIBeHwApiInTheLongRun.BeHwApiEx [(null)] - System.DllNotFoundException: Unable to load DLL 'BeHwApi.dll': The specified module could not be found. (Exception from HRESULT: 0x8007007E)
   at BeHwApiProvider.LegacyToBeIncorporatedWithinIBeHwApiInTheLongRun.BeHwApiEx.BeHWAPI_IsOptimus()
   at BeHwApiProvider.LegacyToBeIncorporatedWithinIBeHwApiInTheLongRun.BeHwApiEx.IsOptimus()
2016-05-26 12:50:27,630 [1] INFO  Neo.ApplicationFramework.Storage.Providers.CommonDatabase.CommonDatabaseBase [(null)] - Database: Integrity check started.
2016-05-26 12:50:27,630 [1] INFO  Neo.ApplicationFramework.Storage.Providers.CommonDatabase.CommonDatabaseBase [(null)] - Database: Integrity check finished without errors.
2016-05-26 12:50:27,645 [1] INFO  Neo.ApplicationFramework.Storage.Providers.CommonDatabase.CommonDatabaseBase [(null)] - Database: Database created.
2016-05-26 12:50:28,183 [1] INFO  Neo.ApplicationFramework.Storage.Providers.CommonDatabase.CommonDatabaseBase [(null)] - Database: Cleanup started.
2016-05-26 12:50:28,448 [1] INFO  Neo.ApplicationFramework.Storage.Providers.CommonDatabase.CommonDatabaseBase [(null)] - Database: Cleanup recovered 12480 bytes.
2016-05-26 12:50:28,780 [1] INFO  Neo.ApplicationFramework.Tools.Reporting.Reports [(null)] - Loading support for reporting with type of FlexCel.XlsAdapter.XlsFile.
2016-05-26 12:50:29,033 [9] INFO  Neo.ApplicationFramework.Storage.Providers.CommonDatabase.CommonDatabaseBase [(null)] - NonVolatileDatabase: Integrity check started.
2016-05-26 12:50:29,033 [9] INFO  Neo.ApplicationFramework.Storage.Providers.CommonDatabase.CommonDatabaseBase [(null)] - NonVolatileDatabase: Integrity check finished without errors.
2016-05-26 12:50:29,033 [9] INFO  Neo.ApplicationFramework.Storage.Providers.CommonDatabase.CommonDatabaseBase [(null)] - NonVolatileDatabase: Database created.
2016-05-26 12:50:29,550 [1] ERROR Neo.ApplicationFramework.Tools.Backlight.BacklightController [(null)] - Failed to find registryKey HKEY_CURRENT_USER\ControlPanel\backlight
2016-05-26 12:50:29,550 [1] ERROR Neo.ApplicationFramework.Tools.Backlight.BacklightController [(null)] - Failed to find registryKey HKEY_CURRENT_USER\ControlPanel\backlight
2016-05-26 12:50:29,812 [1] INFO  Neo.ApplicationFramework.Tools.Recipe.Recipe [(null)] - Updating recipe runtime data in 'DefaultSettings'
2016-05-26 12:50:30,012 [1] INFO  Neo.ApplicationFramework.Tools.Recipe.Recipe [(null)] - Updating recipe runtime data in 'InternalSettings'
2016-05-26 12:50:30,134 [1] INFO  Neo.ApplicationFramework.Tools.Recipe.Recipe [(null)] - Updating recipe runtime data in 'PersistentVariables'
2016-05-26 12:50:30,297 [1] INFO  Neo.ApplicationFramework.Tools.Recipe.Recipe [(null)] - Updating recipe runtime data in 'DecimalSettings'
2016-05-26 12:50:30,406 [1] INFO  Neo.ApplicationFramework.Tools.Recipe.Recipe [(null)] - Updating recipe runtime data in 'FilterSettingMid'
2016-05-26 12:50:30,537 [1] INFO  Neo.ApplicationFramework.Tools.Recipe.Recipe [(null)] - Updating recipe runtime data in 'StabSettingMid'
2016-05-26 12:50:30,699 [1] INFO  Neo.ApplicationFramework.Tools.Recipe.Recipe [(null)] - Updating recipe runtime data in 'StabSettingLow'
2016-05-26 12:50:30,815 [1] INFO  Neo.ApplicationFramework.Tools.Recipe.Recipe [(null)] - Updating recipe runtime data in 'FilterSettingLow'
2016-05-26 12:50:31,154 [1] INFO  Neo.ApplicationFramework.Tools.Recipe.Recipe [(null)] - LoadRecipe called on recipe
2016-05-26 12:50:31,170 [1] INFO  Neo.ApplicationFramework.Tools.Recipe.Recipe [(null)] - Recipe Default_Setting loaded.
2016-05-26 12:50:31,170 [1] INFO  Neo.ApplicationFramework.Tools.Recipe.Recipe [(null)] - LoadRecipe called on recipe
2016-05-26 12:50:31,170 [1] INFO  Neo.ApplicationFramework.Tools.Recipe.Recipe [(null)] - Recipe Current loaded.
2016-05-26 12:50:31,170 [1] INFO  Neo.ApplicationFramework.Tools.Recipe.Recipe [(null)] - LoadRecipe called on recipe
2016-05-26 12:50:31,170 [1] INFO  Neo.ApplicationFramework.Tools.Recipe.Recipe [(null)] - Recipe Current loaded.
2016-05-26 12:50:31,170 [1] INFO  Neo.ApplicationFramework.Tools.Recipe.Recipe [(null)] - LoadRecipe called on recipe
2016-05-26 12:50:31,170 [1] INFO  Neo.ApplicationFramework.Tools.Recipe.Recipe [(null)] - Recipe Current loaded.
2016-05-26 12:50:31,170 [1] INFO  Neo.ApplicationFramework.Tools.Recipe.Recipe [(null)] - LoadRecipe called on recipe
2016-05-26 12:50:31,170 [1] INFO  Neo.ApplicationFramework.Tools.Recipe.Recipe [(null)] - Recipe Current loaded.
2016-05-26 12:50:31,170 [1] INFO  Neo.ApplicationFramework.Tools.Recipe.Recipe [(null)] - LoadRecipe called on recipe
2016-05-26 12:50:31,170 [1] INFO  Neo.ApplicationFramework.Tools.Recipe.Recipe [(null)] - Recipe Current loaded.
2016-05-26 12:50:31,170 [1] INFO  Neo.ApplicationFramework.Tools.Recipe.Recipe [(null)] - LoadRecipe called on recipe
2016-05-26 12:50:31,170 [1] INFO  Neo.ApplicationFramework.Tools.Recipe.Recipe [(null)] - Recipe Current loaded.
2016-05-26 12:50:31,170 [1] INFO  Neo.ApplicationFramework.Tools.Recipe.Recipe [(null)] - LoadRecipe called on recipe
2016-05-26 12:50:31,170 [1] INFO  Neo.ApplicationFramework.Tools.Recipe.Recipe [(null)] - Recipe Current loaded.
2016-05-26 12:50:34,013 [1] ERROR Neo.ApplicationFramework.Tools.Backlight.BacklightController [(null)] - Failed to find registryKey HKEY_CURRENT_USER\ControlPanel\backlight
2016-05-26 12:50:34,014 [1] ERROR Neo.ApplicationFramework.Tools.Backlight.BacklightController [(null)] - Failed to find registryKey HKEY_CURRENT_USER\ControlPanel\backlight
2016-05-26 12:50:34,015 [1] ERROR Neo.ApplicationFramework.Tools.Backlight.BacklightController [(null)] - Failed to find registryKey HKEY_CURRENT_USER\ControlPanel\backlight
2016-05-26 12:50:34,015 [1] ERROR Neo.ApplicationFramework.Tools.Backlight.BacklightController [(null)] - Failed to find registryKey HKEY_CURRENT_USER\ControlPanel\backlight
2016-05-26 12:50:34,016 [1] ERROR Neo.ApplicationFramework.Tools.Backlight.BacklightController [(null)] - Failed to find registryKey HKEY_CURRENT_USER\ControlPanel\backlight
